User CPU time: 0 s, 3856 us
System CPU time: 0 s, 0 us
Maximum resident size (KB): 0
Page faults serviced without IO: 0
Page faults erviced with IO: 0
Instances of input: 0
Instnaces of output: 0
Voluntary context switches: 0
Involuntary context switches: 2

User CPU time: 0 s, 0 us
System CPU time: 0 s, 3159 us
Maximum resident size (KB): 0
Page faults serviced without IO: 0
Page faults erviced with IO: 0
Instances of input: 0
Instnaces of output: 0
Voluntary context switches: 0
Involuntary context switches: 0

User CPU time: 0 s, 0 us
System CPU time: 0 s, 3483 us
Maximum resident size (KB): 0
Page faults serviced without IO: 0
Page faults erviced with IO: 0
Instances of input: 0
Instnaces of output: 0
Voluntary context switches: 0
Involuntary context switches: 0

User CPU time: 0 s, 1895 us
System CPU time: 0 s, 1006 us
Maximum resident size (KB): 0
Page faults serviced without IO: 0
Page faults erviced with IO: 0
Instances of input: 0
Instnaces of output: 0
Voluntary context switches: 0
Involuntary context switches: 0

User CPU time: 0 s, 3969 us
System CPU time: 0 s, 0 us
Maximum resident size (KB): 0
Page faults serviced without IO: 0
Page faults erviced with IO: 0
Instances of input: 0
Instnaces of output: 0
Voluntary context switches: 0
Involuntary context switches: 0

User CPU time: 0 s, 5245 us
System CPU time: 0 s, 560 us
Maximum resident size (KB): 0
Page faults serviced without IO: 0
Page faults erviced with IO: 0
Instances of input: 0
Instnaces of output: 0
Voluntary context switches: 0
Involuntary context switches: 4

User CPU time: 0 s, 4722 us
System CPU time: 0 s, 0 us
Maximum resident size (KB): 0
Page faults serviced without IO: 0
Page faults erviced with IO: 0
Instances of input: 0
Instnaces of output: 0
Voluntary context switches: 0
Involuntary context switches: 4

User CPU time: 0 s, 4107 us
System CPU time: 0 s, 0 us
Maximum resident size (KB): 0
Page faults serviced without IO: 0
Page faults erviced with IO: 0
Instances of input: 0
Instnaces of output: 0
Voluntary context switches: 0
Involuntary context switches: 1

User CPU time: 0 s, 3826 us
System CPU time: 0 s, 0 us
Maximum resident size (KB): 0
Page faults serviced without IO: 0
Page faults erviced with IO: 0
Instances of input: 0
Instnaces of output: 0
Voluntary context switches: 0
Involuntary context switches: 1

User CPU time: 0 s, 3939 us
System CPU time: 0 s, 0 us
Maximum resident size (KB): 0
Page faults serviced without IO: 0
Page faults erviced with IO: 0
Instances of input: 0
Instnaces of output: 0
Voluntary context switches: 0
Involuntary context switches: 1

User CPU time: 0 s, 0 us
System CPU time: 0 s, 3023 us
Maximum resident size (KB): 0
Page faults serviced without IO: 0
Page faults erviced with IO: 0
Instances of input: 0
Instnaces of output: 0
Voluntary context switches: 0
Involuntary context switches: 0

User CPU time: 0 s, 0 us
System CPU time: 0 s, 3136 us
Maximum resident size (KB): 0
Page faults serviced without IO: 0
Page faults erviced with IO: 0
Instances of input: 0
Instnaces of output: 0
Voluntary context switches: 0
Involuntary context switches: 0

User CPU time: 0 s, 2119 us
System CPU time: 0 s, 1157 us
Maximum resident size (KB): 0
Page faults serviced without IO: 0
Page faults erviced with IO: 0
Instances of input: 0
Instnaces of output: 0
Voluntary context switches: 0
Involuntary context switches: 1

User CPU time: 0 s, 4022 us
System CPU time: 0 s, 0 us
Maximum resident size (KB): 0
Page faults serviced without IO: 0
Page faults erviced with IO: 0
Instances of input: 0
Instnaces of output: 0
Voluntary context switches: 0
Involuntary context switches: 0

User CPU time: 0 s, 2220 us
System CPU time: 0 s, 1202 us
Maximum resident size (KB): 0
Page faults serviced without IO: 0
Page faults erviced with IO: 0
Instances of input: 0
Instnaces of output: 0
Voluntary context switches: 0
Involuntary context switches: 1

User CPU time: 0 s, 4957 us
System CPU time: 0 s, 0 us
Maximum resident size (KB): 0
Page faults serviced without IO: 0
Page faults erviced with IO: 0
Instances of input: 0
Instnaces of output: 0
Voluntary context switches: 0
Involuntary context switches: 1

User CPU time: 0 s, 0 us
System CPU time: 0 s, 3072 us
Maximum resident size (KB): 0
Page faults serviced without IO: 0
Page faults erviced with IO: 0
Instances of input: 0
Instnaces of output: 0
Voluntary context switches: 0
Involuntary context switches: 1

User CPU time: 0 s, 0 us
System CPU time: 0 s, 3759 us
Maximum resident size (KB): 0
Page faults serviced without IO: 0
Page faults erviced with IO: 0
Instances of input: 0
Instnaces of output: 0
Voluntary context switches: 0
Involuntary context switches: 1

User CPU time: 0 s, 0 us
System CPU time: 0 s, 3529 us
Maximum resident size (KB): 0
Page faults serviced without IO: 0
Page faults erviced with IO: 0
Instances of input: 0
Instnaces of output: 0
Voluntary context switches: 0
Involuntary context switches: 0

User CPU time: 0 s, 3946 us
System CPU time: 0 s, 0 us
Maximum resident size (KB): 0
Page faults serviced without IO: 0
Page faults erviced with IO: 0
Instances of input: 0
Instnaces of output: 0
Voluntary context switches: 0
Involuntary context switches: 2

User CPU time: 0 s, 4370 us
System CPU time: 0 s, 0 us
Maximum resident size (KB): 0
Page faults serviced without IO: 0
Page faults erviced with IO: 0
Instances of input: 0
Instnaces of output: 0
Voluntary context switches: 0
Involuntary context switches: 3

User CPU time: 0 s, 4012 us
System CPU time: 0 s, 0 us
Maximum resident size (KB): 0
Page faults serviced without IO: 0
Page faults erviced with IO: 0
Instances of input: 0
Instnaces of output: 0
Voluntary context switches: 0
Involuntary context switches: 2

User CPU time: 0 s, 4609 us
System CPU time: 0 s, 0 us
Maximum resident size (KB): 0
Page faults serviced without IO: 0
Page faults erviced with IO: 0
Instances of input: 0
Instnaces of output: 0
Voluntary context switches: 0
Involuntary context switches: 1

User CPU time: 0 s, 0 us
System CPU time: 0 s, 3550 us
Maximum resident size (KB): 0
Page faults serviced without IO: 0
Page faults erviced with IO: 0
Instances of input: 0
Instnaces of output: 0
Voluntary context switches: 0
Involuntary context switches: 0

User CPU time: 0 s, 3941 us
System CPU time: 0 s, 0 us
Maximum resident size (KB): 0
Page faults serviced without IO: 0
Page faults erviced with IO: 0
Instances of input: 0
Instnaces of output: 0
Voluntary context switches: 0
Involuntary context switches: 1

User CPU time: 0 s, 2203 us
System CPU time: 0 s, 1287 us
Maximum resident size (KB): 0
Page faults serviced without IO: 0
Page faults erviced with IO: 0
Instances of input: 0
Instnaces of output: 0
Voluntary context switches: 0
Involuntary context switches: 1

User CPU time: 0 s, 4129 us
System CPU time: 0 s, 0 us
Maximum resident size (KB): 0
Page faults serviced without IO: 0
Page faults erviced with IO: 0
Instances of input: 0
Instnaces of output: 0
Voluntary context switches: 0
Involuntary context switches: 1

User CPU time: 0 s, 4512 us
System CPU time: 0 s, 0 us
Maximum resident size (KB): 0
Page faults serviced without IO: 0
Page faults erviced with IO: 0
Instances of input: 0
Instnaces of output: 0
Voluntary context switches: 0
Involuntary context switches: 3

User CPU time: 0 s, 4659 us
System CPU time: 0 s, 0 us
Maximum resident size (KB): 0
Page faults serviced without IO: 0
Page faults erviced with IO: 0
Instances of input: 0
Instnaces of output: 0
Voluntary context switches: 0
Involuntary context switches: 2

User CPU time: 0 s, 5083 us
System CPU time: 0 s, 0 us
Maximum resident size (KB): 0
Page faults serviced without IO: 0
Page faults erviced with IO: 0
Instances of input: 0
Instnaces of output: 0
Voluntary context switches: 0
Involuntary context switches: 1

User CPU time: 0 s, 0 us
System CPU time: 0 s, 3087 us
Maximum resident size (KB): 0
Page faults serviced without IO: 0
Page faults erviced with IO: 0
Instances of input: 0
Instnaces of output: 0
Voluntary context switches: 0
Involuntary context switches: 2

User CPU time: 0 s, 4303 us
System CPU time: 0 s, 0 us
Maximum resident size (KB): 0
Page faults serviced without IO: 0
Page faults erviced with IO: 0
Instances of input: 0
Instnaces of output: 0
Voluntary context switches: 0
Involuntary context switches: 1

User CPU time: 0 s, 0 us
System CPU time: 0 s, 3087 us
Maximum resident size (KB): 0
Page faults serviced without IO: 0
Page faults erviced with IO: 0
Instances of input: 0
Instnaces of output: 0
Voluntary context switches: 0
Involuntary context switches: 1

User CPU time: 0 s, 0 us
System CPU time: 0 s, 3493 us
Maximum resident size (KB): 0
Page faults serviced without IO: 0
Page faults erviced with IO: 0
Instances of input: 0
Instnaces of output: 0
Voluntary context switches: 0
Involuntary context switches: 1

User CPU time: 0 s, 4418 us
System CPU time: 0 s, 0 us
Maximum resident size (KB): 0
Page faults serviced without IO: 0
Page faults erviced with IO: 0
Instances of input: 0
Instnaces of output: 0
Voluntary context switches: 0
Involuntary context switches: 1

User CPU time: 0 s, 3938 us
System CPU time: 0 s, 0 us
Maximum resident size (KB): 0
Page faults serviced without IO: 0
Page faults erviced with IO: 0
Instances of input: 0
Instnaces of output: 0
Voluntary context switches: 0
Involuntary context switches: 0

User CPU time: 0 s, 0 us
System CPU time: 0 s, 3883 us
Maximum resident size (KB): 0
Page faults serviced without IO: 0
Page faults erviced with IO: 0
Instances of input: 0
Instnaces of output: 0
Voluntary context switches: 0
Involuntary context switches: 1

User CPU time: 0 s, 0 us
System CPU time: 0 s, 3443 us
Maximum resident size (KB): 0
Page faults serviced without IO: 0
Page faults erviced with IO: 0
Instances of input: 0
Instnaces of output: 0
Voluntary context switches: 0
Involuntary context switches: 1

User CPU time: 0 s, 4192 us
System CPU time: 0 s, 0 us
Maximum resident size (KB): 0
Page faults serviced without IO: 0
Page faults erviced with IO: 0
Instances of input: 0
Instnaces of output: 0
Voluntary context switches: 0
Involuntary context switches: 4

User CPU time: 0 s, 4015 us
System CPU time: 0 s, 0 us
Maximum resident size (KB): 0
Page faults serviced without IO: 0
Page faults erviced with IO: 0
Instances of input: 0
Instnaces of output: 0
Voluntary context switches: 0
Involuntary context switches: 4

User CPU time: 0 s, 2199 us
System CPU time: 0 s, 1376 us
Maximum resident size (KB): 0
Page faults serviced without IO: 0
Page faults erviced with IO: 0
Instances of input: 0
Instnaces of output: 0
Voluntary context switches: 0
Involuntary context switches: 3

User CPU time: 0 s, 0 us
System CPU time: 0 s, 3196 us
Maximum resident size (KB): 0
Page faults serviced without IO: 0
Page faults erviced with IO: 0
Instances of input: 0
Instnaces of output: 0
Voluntary context switches: 0
Involuntary context switches: 1

User CPU time: 0 s, 4146 us
System CPU time: 0 s, 0 us
Maximum resident size (KB): 0
Page faults serviced without IO: 0
Page faults erviced with IO: 0
Instances of input: 0
Instnaces of output: 0
Voluntary context switches: 0
Involuntary context switches: 2

User CPU time: 0 s, 0 us
System CPU time: 0 s, 3114 us
Maximum resident size (KB): 0
Page faults serviced without IO: 0
Page faults erviced with IO: 0
Instances of input: 0
Instnaces of output: 0
Voluntary context switches: 0
Involuntary context switches: 2

User CPU time: 0 s, 4496 us
System CPU time: 0 s, 0 us
Maximum resident size (KB): 0
Page faults serviced without IO: 0
Page faults erviced with IO: 0
Instances of input: 0
Instnaces of output: 0
Voluntary context switches: 0
Involuntary context switches: 2

User CPU time: 0 s, 4536 us
System CPU time: 0 s, 0 us
Maximum resident size (KB): 0
Page faults serviced without IO: 0
Page faults erviced with IO: 0
Instances of input: 0
Instnaces of output: 0
Voluntary context switches: 0
Involuntary context switches: 2

User CPU time: 0 s, 4583 us
System CPU time: 0 s, 0 us
Maximum resident size (KB): 0
Page faults serviced without IO: 0
Page faults erviced with IO: 0
Instances of input: 0
Instnaces of output: 0
Voluntary context switches: 0
Involuntary context switches: 2

User CPU time: 0 s, 4046 us
System CPU time: 0 s, 0 us
Maximum resident size (KB): 0
Page faults serviced without IO: 0
Page faults erviced with IO: 0
Instances of input: 0
Instnaces of output: 0
Voluntary context switches: 0
Involuntary context switches: 1

User CPU time: 0 s, 4153 us
System CPU time: 0 s, 0 us
Maximum resident size (KB): 0
Page faults serviced without IO: 0
Page faults erviced with IO: 0
Instances of input: 0
Instnaces of output: 0
Voluntary context switches: 0
Involuntary context switches: 1

User CPU time: 0 s, 0 us
System CPU time: 0 s, 3766 us
Maximum resident size (KB): 0
Page faults serviced without IO: 0
Page faults erviced with IO: 0
Instances of input: 0
Instnaces of output: 0
Voluntary context switches: 0
Involuntary context switches: 2

User CPU time: 0 s, 4311 us
System CPU time: 0 s, 0 us
Maximum resident size (KB): 0
Page faults serviced without IO: 0
Page faults erviced with IO: 0
Instances of input: 0
Instnaces of output: 0
Voluntary context switches: 0
Involuntary context switches: 2

User CPU time: 0 s, 3970 us
System CPU time: 0 s, 0 us
Maximum resident size (KB): 0
Page faults serviced without IO: 0
Page faults erviced with IO: 0
Instances of input: 0
Instnaces of output: 0
Voluntary context switches: 0
Involuntary context switches: 0

User CPU time: 0 s, 3681 us
System CPU time: 0 s, 0 us
Maximum resident size (KB): 0
Page faults serviced without IO: 0
Page faults erviced with IO: 0
Instances of input: 0
Instnaces of output: 0
Voluntary context switches: 0
Involuntary context switches: 2

User CPU time: 0 s, 4012 us
System CPU time: 0 s, 0 us
Maximum resident size (KB): 0
Page faults serviced without IO: 0
Page faults erviced with IO: 0
Instances of input: 0
Instnaces of output: 0
Voluntary context switches: 0
Involuntary context switches: 0

User CPU time: 0 s, 3585 us
System CPU time: 0 s, 0 us
Maximum resident size (KB): 0
Page faults serviced without IO: 0
Page faults erviced with IO: 0
Instances of input: 0
Instnaces of output: 0
Voluntary context switches: 0
Involuntary context switches: 1

User CPU time: 0 s, 0 us
System CPU time: 0 s, 3822 us
Maximum resident size (KB): 0
Page faults serviced without IO: 0
Page faults erviced with IO: 0
Instances of input: 0
Instnaces of output: 0
Voluntary context switches: 0
Involuntary context switches: 2

User CPU time: 0 s, 4390 us
System CPU time: 0 s, 0 us
Maximum resident size (KB): 0
Page faults serviced without IO: 0
Page faults erviced with IO: 0
Instances of input: 0
Instnaces of output: 0
Voluntary context switches: 0
Involuntary context switches: 2

User CPU time: 0 s, 0 us
System CPU time: 0 s, 3093 us
Maximum resident size (KB): 0
Page faults serviced without IO: 0
Page faults erviced with IO: 0
Instances of input: 0
Instnaces of output: 0
Voluntary context switches: 0
Involuntary context switches: 0

User CPU time: 0 s, 4752 us
System CPU time: 0 s, 0 us
Maximum resident size (KB): 0
Page faults serviced without IO: 0
Page faults erviced with IO: 0
Instances of input: 0
Instnaces of output: 0
Voluntary context switches: 0
Involuntary context switches: 1

User CPU time: 0 s, 4055 us
System CPU time: 0 s, 0 us
Maximum resident size (KB): 0
Page faults serviced without IO: 0
Page faults erviced with IO: 0
Instances of input: 0
Instnaces of output: 0
Voluntary context switches: 0
Involuntary context switches: 1

User CPU time: 0 s, 0 us
System CPU time: 0 s, 3259 us
Maximum resident size (KB): 0
Page faults serviced without IO: 0
Page faults erviced with IO: 0
Instances of input: 0
Instnaces of output: 0
Voluntary context switches: 0
Involuntary context switches: 0

User CPU time: 0 s, 4180 us
System CPU time: 0 s, 0 us
Maximum resident size (KB): 0
Page faults serviced without IO: 0
Page faults erviced with IO: 0
Instances of input: 0
Instnaces of output: 0
Voluntary context switches: 0
Involuntary context switches: 1

User CPU time: 0 s, 1941 us
System CPU time: 0 s, 1207 us
Maximum resident size (KB): 0
Page faults serviced without IO: 0
Page faults erviced with IO: 0
Instances of input: 0
Instnaces of output: 0
Voluntary context switches: 0
Involuntary context switches: 4

User CPU time: 0 s, 1973 us
System CPU time: 0 s, 1147 us
Maximum resident size (KB): 0
Page faults serviced without IO: 0
Page faults erviced with IO: 0
Instances of input: 0
Instnaces of output: 0
Voluntary context switches: 0
Involuntary context switches: 3

User CPU time: 0 s, 4365 us
System CPU time: 0 s, 0 us
Maximum resident size (KB): 0
Page faults serviced without IO: 0
Page faults erviced with IO: 0
Instances of input: 0
Instnaces of output: 0
Voluntary context switches: 0
Involuntary context switches: 4

User CPU time: 0 s, 4503 us
System CPU time: 0 s, 0 us
Maximum resident size (KB): 0
Page faults serviced without IO: 0
Page faults erviced with IO: 0
Instances of input: 0
Instnaces of output: 0
Voluntary context switches: 0
Involuntary context switches: 2

User CPU time: 0 s, 2073 us
System CPU time: 0 s, 1068 us
Maximum resident size (KB): 0
Page faults serviced without IO: 0
Page faults erviced with IO: 0
Instances of input: 0
Instnaces of output: 0
Voluntary context switches: 0
Involuntary context switches: 1

User CPU time: 0 s, 3982 us
System CPU time: 0 s, 0 us
Maximum resident size (KB): 0
Page faults serviced without IO: 0
Page faults erviced with IO: 0
Instances of input: 0
Instnaces of output: 0
Voluntary context switches: 0
Involuntary context switches: 0

User CPU time: 0 s, 0 us
System CPU time: 0 s, 3430 us
Maximum resident size (KB): 0
Page faults serviced without IO: 0
Page faults erviced with IO: 0
Instances of input: 0
Instnaces of output: 0
Voluntary context switches: 0
Involuntary context switches: 2

User CPU time: 0 s, 4650 us
System CPU time: 0 s, 0 us
Maximum resident size (KB): 0
Page faults serviced without IO: 0
Page faults erviced with IO: 0
Instances of input: 0
Instnaces of output: 0
Voluntary context switches: 0
Involuntary context switches: 1

User CPU time: 0 s, 0 us
System CPU time: 0 s, 3472 us
Maximum resident size (KB): 0
Page faults serviced without IO: 0
Page faults erviced with IO: 0
Instances of input: 0
Instnaces of output: 0
Voluntary context switches: 0
Involuntary context switches: 1

User CPU time: 0 s, 0 us
System CPU time: 0 s, 3165 us
Maximum resident size (KB): 0
Page faults serviced without IO: 0
Page faults erviced with IO: 0
Instances of input: 0
Instnaces of output: 0
Voluntary context switches: 0
Involuntary context switches: 0

User CPU time: 0 s, 4353 us
System CPU time: 0 s, 0 us
Maximum resident size (KB): 0
Page faults serviced without IO: 0
Page faults erviced with IO: 0
Instances of input: 0
Instnaces of output: 0
Voluntary context switches: 0
Involuntary context switches: 2

User CPU time: 0 s, 4924 us
System CPU time: 0 s, 0 us
Maximum resident size (KB): 0
Page faults serviced without IO: 0
Page faults erviced with IO: 0
Instances of input: 0
Instnaces of output: 0
Voluntary context switches: 0
Involuntary context switches: 1

User CPU time: 0 s, 4342 us
System CPU time: 0 s, 0 us
Maximum resident size (KB): 0
Page faults serviced without IO: 0
Page faults erviced with IO: 0
Instances of input: 0
Instnaces of output: 0
Voluntary context switches: 0
Involuntary context switches: 1

User CPU time: 0 s, 3098 us
System CPU time: 0 s, 0 us
Maximum resident size (KB): 0
Page faults serviced without IO: 0
Page faults erviced with IO: 0
Instances of input: 0
Instnaces of output: 0
Voluntary context switches: 0
Involuntary context switches: 1

User CPU time: 0 s, 4284 us
System CPU time: 0 s, 0 us
Maximum resident size (KB): 0
Page faults serviced without IO: 0
Page faults erviced with IO: 0
Instances of input: 0
Instnaces of output: 0
Voluntary context switches: 0
Involuntary context switches: 0

User CPU time: 0 s, 4274 us
System CPU time: 0 s, 0 us
Maximum resident size (KB): 0
Page faults serviced without IO: 0
Page faults erviced with IO: 0
Instances of input: 0
Instnaces of output: 0
Voluntary context switches: 0
Involuntary context switches: 1

User CPU time: 0 s, 0 us
System CPU time: 0 s, 3275 us
Maximum resident size (KB): 0
Page faults serviced without IO: 0
Page faults erviced with IO: 0
Instances of input: 0
Instnaces of output: 0
Voluntary context switches: 0
Involuntary context switches: 1

User CPU time: 0 s, 0 us
System CPU time: 0 s, 3081 us
Maximum resident size (KB): 0
Page faults serviced without IO: 0
Page faults erviced with IO: 0
Instances of input: 0
Instnaces of output: 0
Voluntary context switches: 0
Involuntary context switches: 0

User CPU time: 0 s, 3137 us
System CPU time: 0 s, 0 us
Maximum resident size (KB): 0
Page faults serviced without IO: 0
Page faults erviced with IO: 0
Instances of input: 0
Instnaces of output: 0
Voluntary context switches: 0
Involuntary context switches: 4

User CPU time: 0 s, 0 us
System CPU time: 0 s, 3121 us
Maximum resident size (KB): 0
Page faults serviced without IO: 0
Page faults erviced with IO: 0
Instances of input: 0
Instnaces of output: 0
Voluntary context switches: 0
Involuntary context switches: 3

User CPU time: 0 s, 0 us
System CPU time: 0 s, 3610 us
Maximum resident size (KB): 0
Page faults serviced without IO: 0
Page faults erviced with IO: 0
Instances of input: 0
Instnaces of output: 0
Voluntary context switches: 0
Involuntary context switches: 0

User CPU time: 0 s, 0 us
System CPU time: 0 s, 3164 us
Maximum resident size (KB): 0
Page faults serviced without IO: 0
Page faults erviced with IO: 0
Instances of input: 0
Instnaces of output: 0
Voluntary context switches: 0
Involuntary context switches: 1

User CPU time: 0 s, 4441 us
System CPU time: 0 s, 0 us
Maximum resident size (KB): 0
Page faults serviced without IO: 0
Page faults erviced with IO: 0
Instances of input: 0
Instnaces of output: 0
Voluntary context switches: 0
Involuntary context switches: 3

User CPU time: 0 s, 3093 us
System CPU time: 0 s, 0 us
Maximum resident size (KB): 0
Page faults serviced without IO: 0
Page faults erviced with IO: 0
Instances of input: 0
Instnaces of output: 0
Voluntary context switches: 0
Involuntary context switches: 0

User CPU time: 0 s, 0 us
System CPU time: 0 s, 3442 us
Maximum resident size (KB): 0
Page faults serviced without IO: 0
Page faults erviced with IO: 0
Instances of input: 0
Instnaces of output: 0
Voluntary context switches: 0
Involuntary context switches: 2

User CPU time: 0 s, 3883 us
System CPU time: 0 s, 0 us
Maximum resident size (KB): 0
Page faults serviced without IO: 0
Page faults erviced with IO: 0
Instances of input: 0
Instnaces of output: 0
Voluntary context switches: 0
Involuntary context switches: 1

User CPU time: 0 s, 4215 us
System CPU time: 0 s, 0 us
Maximum resident size (KB): 0
Page faults serviced without IO: 0
Page faults erviced with IO: 0
Instances of input: 0
Instnaces of output: 0
Voluntary context switches: 0
Involuntary context switches: 1

User CPU time: 0 s, 3982 us
System CPU time: 0 s, 0 us
Maximum resident size (KB): 0
Page faults serviced without IO: 0
Page faults erviced with IO: 0
Instances of input: 0
Instnaces of output: 0
Voluntary context switches: 0
Involuntary context switches: 3

User CPU time: 0 s, 3905 us
System CPU time: 0 s, 0 us
Maximum resident size (KB): 0
Page faults serviced without IO: 0
Page faults erviced with IO: 0
Instances of input: 0
Instnaces of output: 0
Voluntary context switches: 0
Involuntary context switches: 1

User CPU time: 0 s, 4473 us
System CPU time: 0 s, 0 us
Maximum resident size (KB): 0
Page faults serviced without IO: 0
Page faults erviced with IO: 0
Instances of input: 0
Instnaces of output: 0
Voluntary context switches: 0
Involuntary context switches: 5

User CPU time: 0 s, 3811 us
System CPU time: 0 s, 0 us
Maximum resident size (KB): 0
Page faults serviced without IO: 0
Page faults erviced with IO: 0
Instances of input: 0
Instnaces of output: 0
Voluntary context switches: 0
Involuntary context switches: 0

User CPU time: 0 s, 4113 us
System CPU time: 0 s, 0 us
Maximum resident size (KB): 0
Page faults serviced without IO: 0
Page faults erviced with IO: 0
Instances of input: 0
Instnaces of output: 0
Voluntary context switches: 0
Involuntary context switches: 2

User CPU time: 0 s, 3836 us
System CPU time: 0 s, 0 us
Maximum resident size (KB): 0
Page faults serviced without IO: 0
Page faults erviced with IO: 0
Instances of input: 0
Instnaces of output: 0
Voluntary context switches: 0
Involuntary context switches: 2

User CPU time: 0 s, 4445 us
System CPU time: 0 s, 0 us
Maximum resident size (KB): 0
Page faults serviced without IO: 0
Page faults erviced with IO: 0
Instances of input: 0
Instnaces of output: 0
Voluntary context switches: 0
Involuntary context switches: 1

User CPU time: 0 s, 4303 us
System CPU time: 0 s, 0 us
Maximum resident size (KB): 0
Page faults serviced without IO: 0
Page faults erviced with IO: 0
Instances of input: 0
Instnaces of output: 0
Voluntary context switches: 0
Involuntary context switches: 1

User CPU time: 0 s, 4019 us
System CPU time: 0 s, 0 us
Maximum resident size (KB): 0
Page faults serviced without IO: 0
Page faults erviced with IO: 0
Instances of input: 0
Instnaces of output: 0
Voluntary context switches: 0
Involuntary context switches: 3

User CPU time: 0 s, 3919 us
System CPU time: 0 s, 0 us
Maximum resident size (KB): 0
Page faults serviced without IO: 0
Page faults erviced with IO: 0
Instances of input: 0
Instnaces of output: 0
Voluntary context switches: 0
Involuntary context switches: 4

User CPU time: 0 s, 4795 us
System CPU time: 0 s, 0 us
Maximum resident size (KB): 0
Page faults serviced without IO: 0
Page faults erviced with IO: 0
Instances of input: 0
Instnaces of output: 0
Voluntary context switches: 0
Involuntary context switches: 2
