User CPU time: 0 s, 300364 us
System CPU time: 0 s, 2982 us
Maximum resident size (KB): 0
Page faults serviced without IO: 0
Page faults erviced with IO: 0
Instances of input: 0
Instnaces of output: 0
Voluntary context switches: 0
Involuntary context switches: 56

User CPU time: 0 s, 309519 us
System CPU time: 0 s, 0 us
Maximum resident size (KB): 0
Page faults serviced without IO: 0
Page faults erviced with IO: 0
Instances of input: 0
Instnaces of output: 0
Voluntary context switches: 0
Involuntary context switches: 72

User CPU time: 0 s, 316983 us
System CPU time: 0 s, 0 us
Maximum resident size (KB): 0
Page faults serviced without IO: 0
Page faults erviced with IO: 0
Instances of input: 0
Instnaces of output: 0
Voluntary context switches: 0
Involuntary context switches: 78

User CPU time: 0 s, 329291 us
System CPU time: 0 s, 0 us
Maximum resident size (KB): 0
Page faults serviced without IO: 0
Page faults erviced with IO: 0
Instances of input: 0
Instnaces of output: 0
Voluntary context switches: 0
Involuntary context switches: 84

User CPU time: 0 s, 314362 us
System CPU time: 0 s, 0 us
Maximum resident size (KB): 0
Page faults serviced without IO: 0
Page faults erviced with IO: 0
Instances of input: 0
Instnaces of output: 0
Voluntary context switches: 0
Involuntary context switches: 79

User CPU time: 0 s, 316202 us
System CPU time: 0 s, 0 us
Maximum resident size (KB): 0
Page faults serviced without IO: 0
Page faults erviced with IO: 0
Instances of input: 0
Instnaces of output: 0
Voluntary context switches: 0
Involuntary context switches: 66

User CPU time: 0 s, 308532 us
System CPU time: 0 s, 0 us
Maximum resident size (KB): 0
Page faults serviced without IO: 0
Page faults erviced with IO: 0
Instances of input: 0
Instnaces of output: 0
Voluntary context switches: 0
Involuntary context switches: 66

User CPU time: 0 s, 292900 us
System CPU time: 0 s, 0 us
Maximum resident size (KB): 0
Page faults serviced without IO: 0
Page faults erviced with IO: 0
Instances of input: 0
Instnaces of output: 0
Voluntary context switches: 0
Involuntary context switches: 72

User CPU time: 0 s, 302555 us
System CPU time: 0 s, 0 us
Maximum resident size (KB): 0
Page faults serviced without IO: 0
Page faults erviced with IO: 0
Instances of input: 0
Instnaces of output: 0
Voluntary context switches: 0
Involuntary context switches: 58

User CPU time: 0 s, 311989 us
System CPU time: 0 s, 0 us
Maximum resident size (KB): 0
Page faults serviced without IO: 0
Page faults erviced with IO: 0
Instances of input: 0
Instnaces of output: 0
Voluntary context switches: 0
Involuntary context switches: 54

User CPU time: 0 s, 296663 us
System CPU time: 0 s, 0 us
Maximum resident size (KB): 0
Page faults serviced without IO: 0
Page faults erviced with IO: 0
Instances of input: 0
Instnaces of output: 0
Voluntary context switches: 0
Involuntary context switches: 71

User CPU time: 0 s, 316791 us
System CPU time: 0 s, 0 us
Maximum resident size (KB): 0
Page faults serviced without IO: 0
Page faults erviced with IO: 0
Instances of input: 0
Instnaces of output: 0
Voluntary context switches: 0
Involuntary context switches: 83

User CPU time: 0 s, 287779 us
System CPU time: 0 s, 0 us
Maximum resident size (KB): 0
Page faults serviced without IO: 0
Page faults erviced with IO: 0
Instances of input: 0
Instnaces of output: 0
Voluntary context switches: 0
Involuntary context switches: 87

User CPU time: 0 s, 302716 us
System CPU time: 0 s, 0 us
Maximum resident size (KB): 0
Page faults serviced without IO: 0
Page faults erviced with IO: 0
Instances of input: 0
Instnaces of output: 0
Voluntary context switches: 0
Involuntary context switches: 39

User CPU time: 0 s, 313273 us
System CPU time: 0 s, 0 us
Maximum resident size (KB): 0
Page faults serviced without IO: 0
Page faults erviced with IO: 0
Instances of input: 0
Instnaces of output: 0
Voluntary context switches: 0
Involuntary context switches: 55

User CPU time: 0 s, 303488 us
System CPU time: 0 s, 0 us
Maximum resident size (KB): 0
Page faults serviced without IO: 0
Page faults erviced with IO: 0
Instances of input: 0
Instnaces of output: 0
Voluntary context switches: 0
Involuntary context switches: 64

User CPU time: 0 s, 313417 us
System CPU time: 0 s, 0 us
Maximum resident size (KB): 0
Page faults serviced without IO: 0
Page faults erviced with IO: 0
Instances of input: 0
Instnaces of output: 0
Voluntary context switches: 0
Involuntary context switches: 65

User CPU time: 0 s, 300153 us
System CPU time: 0 s, 0 us
Maximum resident size (KB): 0
Page faults serviced without IO: 0
Page faults erviced with IO: 0
Instances of input: 0
Instnaces of output: 0
Voluntary context switches: 0
Involuntary context switches: 62

User CPU time: 0 s, 318121 us
System CPU time: 0 s, 0 us
Maximum resident size (KB): 0
Page faults serviced without IO: 0
Page faults erviced with IO: 0
Instances of input: 0
Instnaces of output: 0
Voluntary context switches: 0
Involuntary context switches: 52

User CPU time: 0 s, 315843 us
System CPU time: 0 s, 0 us
Maximum resident size (KB): 0
Page faults serviced without IO: 0
Page faults erviced with IO: 0
Instances of input: 0
Instnaces of output: 0
Voluntary context switches: 0
Involuntary context switches: 73

User CPU time: 0 s, 294557 us
System CPU time: 0 s, 0 us
Maximum resident size (KB): 0
Page faults serviced without IO: 0
Page faults erviced with IO: 0
Instances of input: 0
Instnaces of output: 0
Voluntary context switches: 0
Involuntary context switches: 57

User CPU time: 0 s, 306206 us
System CPU time: 0 s, 0 us
Maximum resident size (KB): 0
Page faults serviced without IO: 0
Page faults erviced with IO: 0
Instances of input: 0
Instnaces of output: 0
Voluntary context switches: 0
Involuntary context switches: 40

User CPU time: 0 s, 322478 us
System CPU time: 0 s, 0 us
Maximum resident size (KB): 0
Page faults serviced without IO: 0
Page faults erviced with IO: 0
Instances of input: 0
Instnaces of output: 0
Voluntary context switches: 0
Involuntary context switches: 59

User CPU time: 0 s, 307410 us
System CPU time: 0 s, 0 us
Maximum resident size (KB): 0
Page faults serviced without IO: 0
Page faults erviced with IO: 0
Instances of input: 0
Instnaces of output: 0
Voluntary context switches: 0
Involuntary context switches: 59

User CPU time: 0 s, 316526 us
System CPU time: 0 s, 0 us
Maximum resident size (KB): 0
Page faults serviced without IO: 0
Page faults erviced with IO: 0
Instances of input: 0
Instnaces of output: 0
Voluntary context switches: 0
Involuntary context switches: 66

User CPU time: 0 s, 300174 us
System CPU time: 0 s, 0 us
Maximum resident size (KB): 0
Page faults serviced without IO: 0
Page faults erviced with IO: 0
Instances of input: 0
Instnaces of output: 0
Voluntary context switches: 0
Involuntary context switches: 51

User CPU time: 0 s, 323121 us
System CPU time: 0 s, 0 us
Maximum resident size (KB): 0
Page faults serviced without IO: 0
Page faults erviced with IO: 0
Instances of input: 0
Instnaces of output: 0
Voluntary context switches: 0
Involuntary context switches: 73

User CPU time: 0 s, 313936 us
System CPU time: 0 s, 0 us
Maximum resident size (KB): 0
Page faults serviced without IO: 0
Page faults erviced with IO: 0
Instances of input: 0
Instnaces of output: 0
Voluntary context switches: 0
Involuntary context switches: 86

User CPU time: 0 s, 289371 us
System CPU time: 0 s, 0 us
Maximum resident size (KB): 0
Page faults serviced without IO: 0
Page faults erviced with IO: 0
Instances of input: 0
Instnaces of output: 0
Voluntary context switches: 0
Involuntary context switches: 79

User CPU time: 0 s, 306726 us
System CPU time: 0 s, 3040 us
Maximum resident size (KB): 0
Page faults serviced without IO: 0
Page faults erviced with IO: 0
Instances of input: 0
Instnaces of output: 0
Voluntary context switches: 0
Involuntary context switches: 65

User CPU time: 0 s, 295034 us
System CPU time: 0 s, 0 us
Maximum resident size (KB): 0
Page faults serviced without IO: 0
Page faults erviced with IO: 0
Instances of input: 0
Instnaces of output: 0
Voluntary context switches: 0
Involuntary context switches: 91

User CPU time: 0 s, 302058 us
System CPU time: 0 s, 0 us
Maximum resident size (KB): 0
Page faults serviced without IO: 0
Page faults erviced with IO: 0
Instances of input: 0
Instnaces of output: 0
Voluntary context switches: 0
Involuntary context switches: 80

User CPU time: 0 s, 288518 us
System CPU time: 0 s, 0 us
Maximum resident size (KB): 0
Page faults serviced without IO: 0
Page faults erviced with IO: 0
Instances of input: 0
Instnaces of output: 0
Voluntary context switches: 0
Involuntary context switches: 65

User CPU time: 0 s, 290074 us
System CPU time: 0 s, 0 us
Maximum resident size (KB): 0
Page faults serviced without IO: 0
Page faults erviced with IO: 0
Instances of input: 0
Instnaces of output: 0
Voluntary context switches: 0
Involuntary context switches: 53

User CPU time: 0 s, 301823 us
System CPU time: 0 s, 0 us
Maximum resident size (KB): 0
Page faults serviced without IO: 0
Page faults erviced with IO: 0
Instances of input: 0
Instnaces of output: 0
Voluntary context switches: 0
Involuntary context switches: 76

User CPU time: 0 s, 311504 us
System CPU time: 0 s, 0 us
Maximum resident size (KB): 0
Page faults serviced without IO: 0
Page faults erviced with IO: 0
Instances of input: 0
Instnaces of output: 0
Voluntary context switches: 0
Involuntary context switches: 57

User CPU time: 0 s, 310688 us
System CPU time: 0 s, 0 us
Maximum resident size (KB): 0
Page faults serviced without IO: 0
Page faults erviced with IO: 0
Instances of input: 0
Instnaces of output: 0
Voluntary context switches: 0
Involuntary context switches: 52

User CPU time: 0 s, 284091 us
System CPU time: 0 s, 0 us
Maximum resident size (KB): 0
Page faults serviced without IO: 0
Page faults erviced with IO: 0
Instances of input: 0
Instnaces of output: 0
Voluntary context switches: 0
Involuntary context switches: 48

User CPU time: 0 s, 310517 us
System CPU time: 0 s, 0 us
Maximum resident size (KB): 0
Page faults serviced without IO: 0
Page faults erviced with IO: 0
Instances of input: 0
Instnaces of output: 0
Voluntary context switches: 0
Involuntary context switches: 79

User CPU time: 0 s, 293317 us
System CPU time: 0 s, 0 us
Maximum resident size (KB): 0
Page faults serviced without IO: 0
Page faults erviced with IO: 0
Instances of input: 0
Instnaces of output: 0
Voluntary context switches: 0
Involuntary context switches: 66

User CPU time: 0 s, 309459 us
System CPU time: 0 s, 0 us
Maximum resident size (KB): 0
Page faults serviced without IO: 0
Page faults erviced with IO: 0
Instances of input: 0
Instnaces of output: 0
Voluntary context switches: 0
Involuntary context switches: 78

User CPU time: 0 s, 312580 us
System CPU time: 0 s, 0 us
Maximum resident size (KB): 0
Page faults serviced without IO: 0
Page faults erviced with IO: 0
Instances of input: 0
Instnaces of output: 0
Voluntary context switches: 0
Involuntary context switches: 64

User CPU time: 0 s, 310386 us
System CPU time: 0 s, 0 us
Maximum resident size (KB): 0
Page faults serviced without IO: 0
Page faults erviced with IO: 0
Instances of input: 0
Instnaces of output: 0
Voluntary context switches: 0
Involuntary context switches: 62

User CPU time: 0 s, 311404 us
System CPU time: 0 s, 0 us
Maximum resident size (KB): 0
Page faults serviced without IO: 0
Page faults erviced with IO: 0
Instances of input: 0
Instnaces of output: 0
Voluntary context switches: 0
Involuntary context switches: 63

User CPU time: 0 s, 307500 us
System CPU time: 0 s, 3051 us
Maximum resident size (KB): 0
Page faults serviced without IO: 0
Page faults erviced with IO: 0
Instances of input: 0
Instnaces of output: 0
Voluntary context switches: 0
Involuntary context switches: 68

User CPU time: 0 s, 296625 us
System CPU time: 0 s, 0 us
Maximum resident size (KB): 0
Page faults serviced without IO: 0
Page faults erviced with IO: 0
Instances of input: 0
Instnaces of output: 0
Voluntary context switches: 0
Involuntary context switches: 63

User CPU time: 0 s, 317730 us
System CPU time: 0 s, 0 us
Maximum resident size (KB): 0
Page faults serviced without IO: 0
Page faults erviced with IO: 0
Instances of input: 0
Instnaces of output: 0
Voluntary context switches: 0
Involuntary context switches: 53

User CPU time: 0 s, 318226 us
System CPU time: 0 s, 0 us
Maximum resident size (KB): 0
Page faults serviced without IO: 0
Page faults erviced with IO: 0
Instances of input: 0
Instnaces of output: 0
Voluntary context switches: 0
Involuntary context switches: 68

User CPU time: 0 s, 308580 us
System CPU time: 0 s, 0 us
Maximum resident size (KB): 0
Page faults serviced without IO: 0
Page faults erviced with IO: 0
Instances of input: 0
Instnaces of output: 0
Voluntary context switches: 0
Involuntary context switches: 66

User CPU time: 0 s, 281478 us
System CPU time: 0 s, 0 us
Maximum resident size (KB): 0
Page faults serviced without IO: 0
Page faults erviced with IO: 0
Instances of input: 0
Instnaces of output: 0
Voluntary context switches: 0
Involuntary context switches: 69

User CPU time: 0 s, 308027 us
System CPU time: 0 s, 0 us
Maximum resident size (KB): 0
Page faults serviced without IO: 0
Page faults erviced with IO: 0
Instances of input: 0
Instnaces of output: 0
Voluntary context switches: 0
Involuntary context switches: 73

User CPU time: 0 s, 311102 us
System CPU time: 0 s, 0 us
Maximum resident size (KB): 0
Page faults serviced without IO: 0
Page faults erviced with IO: 0
Instances of input: 0
Instnaces of output: 0
Voluntary context switches: 0
Involuntary context switches: 73

User CPU time: 0 s, 312004 us
System CPU time: 0 s, 0 us
Maximum resident size (KB): 0
Page faults serviced without IO: 0
Page faults erviced with IO: 0
Instances of input: 0
Instnaces of output: 0
Voluntary context switches: 0
Involuntary context switches: 94

User CPU time: 0 s, 318142 us
System CPU time: 0 s, 0 us
Maximum resident size (KB): 0
Page faults serviced without IO: 0
Page faults erviced with IO: 0
Instances of input: 0
Instnaces of output: 0
Voluntary context switches: 0
Involuntary context switches: 87

User CPU time: 0 s, 312966 us
System CPU time: 0 s, 0 us
Maximum resident size (KB): 0
Page faults serviced without IO: 0
Page faults erviced with IO: 0
Instances of input: 0
Instnaces of output: 0
Voluntary context switches: 0
Involuntary context switches: 83

User CPU time: 0 s, 305226 us
System CPU time: 0 s, 0 us
Maximum resident size (KB): 0
Page faults serviced without IO: 0
Page faults erviced with IO: 0
Instances of input: 0
Instnaces of output: 0
Voluntary context switches: 0
Involuntary context switches: 57

User CPU time: 0 s, 303629 us
System CPU time: 0 s, 0 us
Maximum resident size (KB): 0
Page faults serviced without IO: 0
Page faults erviced with IO: 0
Instances of input: 0
Instnaces of output: 0
Voluntary context switches: 0
Involuntary context switches: 74

User CPU time: 0 s, 292270 us
System CPU time: 0 s, 0 us
Maximum resident size (KB): 0
Page faults serviced without IO: 0
Page faults erviced with IO: 0
Instances of input: 0
Instnaces of output: 0
Voluntary context switches: 0
Involuntary context switches: 81

User CPU time: 0 s, 313561 us
System CPU time: 0 s, 0 us
Maximum resident size (KB): 0
Page faults serviced without IO: 0
Page faults erviced with IO: 0
Instances of input: 0
Instnaces of output: 0
Voluntary context switches: 0
Involuntary context switches: 80

User CPU time: 0 s, 299299 us
System CPU time: 0 s, 3282 us
Maximum resident size (KB): 0
Page faults serviced without IO: 0
Page faults erviced with IO: 0
Instances of input: 0
Instnaces of output: 0
Voluntary context switches: 0
Involuntary context switches: 69

User CPU time: 0 s, 278534 us
System CPU time: 0 s, 0 us
Maximum resident size (KB): 0
Page faults serviced without IO: 0
Page faults erviced with IO: 0
Instances of input: 0
Instnaces of output: 0
Voluntary context switches: 0
Involuntary context switches: 67

User CPU time: 0 s, 300483 us
System CPU time: 0 s, 0 us
Maximum resident size (KB): 0
Page faults serviced without IO: 0
Page faults erviced with IO: 0
Instances of input: 0
Instnaces of output: 0
Voluntary context switches: 0
Involuntary context switches: 84

User CPU time: 0 s, 313313 us
System CPU time: 0 s, 0 us
Maximum resident size (KB): 0
Page faults serviced without IO: 0
Page faults erviced with IO: 0
Instances of input: 0
Instnaces of output: 0
Voluntary context switches: 0
Involuntary context switches: 76

User CPU time: 0 s, 303939 us
System CPU time: 0 s, 0 us
Maximum resident size (KB): 0
Page faults serviced without IO: 0
Page faults erviced with IO: 0
Instances of input: 0
Instnaces of output: 0
Voluntary context switches: 0
Involuntary context switches: 89

User CPU time: 0 s, 311591 us
System CPU time: 0 s, 0 us
Maximum resident size (KB): 0
Page faults serviced without IO: 0
Page faults erviced with IO: 0
Instances of input: 0
Instnaces of output: 0
Voluntary context switches: 0
Involuntary context switches: 80

User CPU time: 0 s, 302795 us
System CPU time: 0 s, 0 us
Maximum resident size (KB): 0
Page faults serviced without IO: 0
Page faults erviced with IO: 0
Instances of input: 0
Instnaces of output: 0
Voluntary context switches: 0
Involuntary context switches: 78

User CPU time: 0 s, 287374 us
System CPU time: 0 s, 0 us
Maximum resident size (KB): 0
Page faults serviced without IO: 0
Page faults erviced with IO: 0
Instances of input: 0
Instnaces of output: 0
Voluntary context switches: 0
Involuntary context switches: 50

User CPU time: 0 s, 316458 us
System CPU time: 0 s, 0 us
Maximum resident size (KB): 0
Page faults serviced without IO: 0
Page faults erviced with IO: 0
Instances of input: 0
Instnaces of output: 0
Voluntary context switches: 0
Involuntary context switches: 87

User CPU time: 0 s, 305860 us
System CPU time: 0 s, 3247 us
Maximum resident size (KB): 0
Page faults serviced without IO: 0
Page faults erviced with IO: 0
Instances of input: 0
Instnaces of output: 0
Voluntary context switches: 0
Involuntary context switches: 45

User CPU time: 0 s, 313782 us
System CPU time: 0 s, 0 us
Maximum resident size (KB): 0
Page faults serviced without IO: 0
Page faults erviced with IO: 0
Instances of input: 0
Instnaces of output: 0
Voluntary context switches: 0
Involuntary context switches: 77

User CPU time: 0 s, 298882 us
System CPU time: 0 s, 0 us
Maximum resident size (KB): 0
Page faults serviced without IO: 0
Page faults erviced with IO: 0
Instances of input: 0
Instnaces of output: 0
Voluntary context switches: 0
Involuntary context switches: 58

User CPU time: 0 s, 316007 us
System CPU time: 0 s, 0 us
Maximum resident size (KB): 0
Page faults serviced without IO: 0
Page faults erviced with IO: 0
Instances of input: 0
Instnaces of output: 0
Voluntary context switches: 0
Involuntary context switches: 61

User CPU time: 0 s, 308906 us
System CPU time: 0 s, 0 us
Maximum resident size (KB): 0
Page faults serviced without IO: 0
Page faults erviced with IO: 0
Instances of input: 0
Instnaces of output: 0
Voluntary context switches: 0
Involuntary context switches: 70

User CPU time: 0 s, 315954 us
System CPU time: 0 s, 0 us
Maximum resident size (KB): 0
Page faults serviced without IO: 0
Page faults erviced with IO: 0
Instances of input: 0
Instnaces of output: 0
Voluntary context switches: 0
Involuntary context switches: 93

User CPU time: 0 s, 293923 us
System CPU time: 0 s, 0 us
Maximum resident size (KB): 0
Page faults serviced without IO: 0
Page faults erviced with IO: 0
Instances of input: 0
Instnaces of output: 0
Voluntary context switches: 0
Involuntary context switches: 48

User CPU time: 0 s, 288901 us
System CPU time: 0 s, 0 us
Maximum resident size (KB): 0
Page faults serviced without IO: 0
Page faults erviced with IO: 0
Instances of input: 0
Instnaces of output: 0
Voluntary context switches: 0
Involuntary context switches: 55

User CPU time: 0 s, 324600 us
System CPU time: 0 s, 0 us
Maximum resident size (KB): 0
Page faults serviced without IO: 0
Page faults erviced with IO: 0
Instances of input: 0
Instnaces of output: 0
Voluntary context switches: 0
Involuntary context switches: 46

User CPU time: 0 s, 305662 us
System CPU time: 0 s, 3070 us
Maximum resident size (KB): 0
Page faults serviced without IO: 0
Page faults erviced with IO: 0
Instances of input: 0
Instnaces of output: 0
Voluntary context switches: 0
Involuntary context switches: 58

User CPU time: 0 s, 315591 us
System CPU time: 0 s, 0 us
Maximum resident size (KB): 0
Page faults serviced without IO: 0
Page faults erviced with IO: 0
Instances of input: 0
Instnaces of output: 0
Voluntary context switches: 0
Involuntary context switches: 66

User CPU time: 0 s, 308240 us
System CPU time: 0 s, 0 us
Maximum resident size (KB): 0
Page faults serviced without IO: 0
Page faults erviced with IO: 0
Instances of input: 0
Instnaces of output: 0
Voluntary context switches: 0
Involuntary context switches: 91

User CPU time: 0 s, 316764 us
System CPU time: 0 s, 0 us
Maximum resident size (KB): 0
Page faults serviced without IO: 0
Page faults erviced with IO: 0
Instances of input: 0
Instnaces of output: 0
Voluntary context switches: 0
Involuntary context switches: 84

User CPU time: 0 s, 291027 us
System CPU time: 0 s, 3143 us
Maximum resident size (KB): 0
Page faults serviced without IO: 0
Page faults erviced with IO: 0
Instances of input: 0
Instnaces of output: 0
Voluntary context switches: 0
Involuntary context switches: 62

User CPU time: 0 s, 312053 us
System CPU time: 0 s, 0 us
Maximum resident size (KB): 0
Page faults serviced without IO: 0
Page faults erviced with IO: 0
Instances of input: 0
Instnaces of output: 0
Voluntary context switches: 0
Involuntary context switches: 79

User CPU time: 0 s, 322209 us
System CPU time: 0 s, 0 us
Maximum resident size (KB): 0
Page faults serviced without IO: 0
Page faults erviced with IO: 0
Instances of input: 0
Instnaces of output: 0
Voluntary context switches: 0
Involuntary context switches: 53

User CPU time: 0 s, 316090 us
System CPU time: 0 s, 3168 us
Maximum resident size (KB): 0
Page faults serviced without IO: 0
Page faults erviced with IO: 0
Instances of input: 0
Instnaces of output: 0
Voluntary context switches: 0
Involuntary context switches: 89

User CPU time: 0 s, 309199 us
System CPU time: 0 s, 3178 us
Maximum resident size (KB): 0
Page faults serviced without IO: 0
Page faults erviced with IO: 0
Instances of input: 0
Instnaces of output: 0
Voluntary context switches: 0
Involuntary context switches: 46

User CPU time: 0 s, 300249 us
System CPU time: 0 s, 0 us
Maximum resident size (KB): 0
Page faults serviced without IO: 0
Page faults erviced with IO: 0
Instances of input: 0
Instnaces of output: 0
Voluntary context switches: 0
Involuntary context switches: 61

User CPU time: 0 s, 314049 us
System CPU time: 0 s, 0 us
Maximum resident size (KB): 0
Page faults serviced without IO: 0
Page faults erviced with IO: 0
Instances of input: 0
Instnaces of output: 0
Voluntary context switches: 0
Involuntary context switches: 44

User CPU time: 0 s, 307044 us
System CPU time: 0 s, 0 us
Maximum resident size (KB): 0
Page faults serviced without IO: 0
Page faults erviced with IO: 0
Instances of input: 0
Instnaces of output: 0
Voluntary context switches: 0
Involuntary context switches: 55

User CPU time: 0 s, 304201 us
System CPU time: 0 s, 0 us
Maximum resident size (KB): 0
Page faults serviced without IO: 0
Page faults erviced with IO: 0
Instances of input: 0
Instnaces of output: 0
Voluntary context switches: 0
Involuntary context switches: 47

User CPU time: 0 s, 303058 us
System CPU time: 0 s, 0 us
Maximum resident size (KB): 0
Page faults serviced without IO: 0
Page faults erviced with IO: 0
Instances of input: 0
Instnaces of output: 0
Voluntary context switches: 0
Involuntary context switches: 78

User CPU time: 0 s, 301333 us
System CPU time: 0 s, 0 us
Maximum resident size (KB): 0
Page faults serviced without IO: 0
Page faults erviced with IO: 0
Instances of input: 0
Instnaces of output: 0
Voluntary context switches: 0
Involuntary context switches: 73

User CPU time: 0 s, 309837 us
System CPU time: 0 s, 0 us
Maximum resident size (KB): 0
Page faults serviced without IO: 0
Page faults erviced with IO: 0
Instances of input: 0
Instnaces of output: 0
Voluntary context switches: 0
Involuntary context switches: 598

User CPU time: 0 s, 311005 us
System CPU time: 0 s, 0 us
Maximum resident size (KB): 0
Page faults serviced without IO: 0
Page faults erviced with IO: 0
Instances of input: 0
Instnaces of output: 0
Voluntary context switches: 0
Involuntary context switches: 404

User CPU time: 0 s, 314407 us
System CPU time: 0 s, 0 us
Maximum resident size (KB): 0
Page faults serviced without IO: 0
Page faults erviced with IO: 0
Instances of input: 0
Instnaces of output: 0
Voluntary context switches: 0
Involuntary context switches: 71

User CPU time: 0 s, 311432 us
System CPU time: 0 s, 0 us
Maximum resident size (KB): 0
Page faults serviced without IO: 0
Page faults erviced with IO: 0
Instances of input: 0
Instnaces of output: 0
Voluntary context switches: 0
Involuntary context switches: 43

User CPU time: 0 s, 253967 us
System CPU time: 0 s, 0 us
Maximum resident size (KB): 0
Page faults serviced without IO: 0
Page faults erviced with IO: 0
Instances of input: 0
Instnaces of output: 0
Voluntary context switches: 0
Involuntary context switches: 49

User CPU time: 0 s, 296092 us
System CPU time: 0 s, 0 us
Maximum resident size (KB): 0
Page faults serviced without IO: 0
Page faults erviced with IO: 0
Instances of input: 0
Instnaces of output: 0
Voluntary context switches: 0
Involuntary context switches: 46

User CPU time: 0 s, 297747 us
System CPU time: 0 s, 0 us
Maximum resident size (KB): 0
Page faults serviced without IO: 0
Page faults erviced with IO: 0
Instances of input: 0
Instnaces of output: 0
Voluntary context switches: 0
Involuntary context switches: 238

User CPU time: 0 s, 307647 us
System CPU time: 0 s, 0 us
Maximum resident size (KB): 0
Page faults serviced without IO: 0
Page faults erviced with IO: 0
Instances of input: 0
Instnaces of output: 0
Voluntary context switches: 0
Involuntary context switches: 64
