User CPU time: 0 s, 3236 us
System CPU time: 0 s, 0 us
Maximum resident size (KB): 0
Page faults serviced without IO: 0
Page faults erviced with IO: 0
Instances of input: 0
Instnaces of output: 0
Voluntary context switches: 0
Involuntary context switches: 1

User CPU time: 0 s, 3889 us
System CPU time: 0 s, 0 us
Maximum resident size (KB): 0
Page faults serviced without IO: 0
Page faults erviced with IO: 0
Instances of input: 0
Instnaces of output: 0
Voluntary context switches: 0
Involuntary context switches: 0

User CPU time: 0 s, 9056 us
System CPU time: 0 s, 0 us
Maximum resident size (KB): 0
Page faults serviced without IO: 0
Page faults erviced with IO: 0
Instances of input: 0
Instnaces of output: 0
Voluntary context switches: 0
Involuntary context switches: 3

User CPU time: 0 s, 4073 us
System CPU time: 0 s, 0 us
Maximum resident size (KB): 0
Page faults serviced without IO: 0
Page faults erviced with IO: 0
Instances of input: 0
Instnaces of output: 0
Voluntary context switches: 0
Involuntary context switches: 0

User CPU time: 0 s, 0 us
System CPU time: 0 s, 2379 us
Maximum resident size (KB): 0
Page faults serviced without IO: 0
Page faults erviced with IO: 0
Instances of input: 0
Instnaces of output: 0
Voluntary context switches: 0
Involuntary context switches: 0

User CPU time: 0 s, 0 us
System CPU time: 0 s, 3249 us
Maximum resident size (KB): 0
Page faults serviced without IO: 0
Page faults erviced with IO: 0
Instances of input: 0
Instnaces of output: 0
Voluntary context switches: 0
Involuntary context switches: 2

User CPU time: 0 s, 7978 us
System CPU time: 0 s, 0 us
Maximum resident size (KB): 0
Page faults serviced without IO: 0
Page faults erviced with IO: 0
Instances of input: 0
Instnaces of output: 0
Voluntary context switches: 0
Involuntary context switches: 3

User CPU time: 0 s, 3238 us
System CPU time: 0 s, 0 us
Maximum resident size (KB): 0
Page faults serviced without IO: 0
Page faults erviced with IO: 0
Instances of input: 0
Instnaces of output: 0
Voluntary context switches: 0
Involuntary context switches: 0

User CPU time: 0 s, 3305 us
System CPU time: 0 s, 0 us
Maximum resident size (KB): 0
Page faults serviced without IO: 0
Page faults erviced with IO: 0
Instances of input: 0
Instnaces of output: 0
Voluntary context switches: 0
Involuntary context switches: 1

User CPU time: 0 s, 4092 us
System CPU time: 0 s, 0 us
Maximum resident size (KB): 0
Page faults serviced without IO: 0
Page faults erviced with IO: 0
Instances of input: 0
Instnaces of output: 0
Voluntary context switches: 0
Involuntary context switches: 0

User CPU time: 0 s, 2698 us
System CPU time: 0 s, 0 us
Maximum resident size (KB): 0
Page faults serviced without IO: 0
Page faults erviced with IO: 0
Instances of input: 0
Instnaces of output: 0
Voluntary context switches: 0
Involuntary context switches: 0

User CPU time: 0 s, 3479 us
System CPU time: 0 s, 0 us
Maximum resident size (KB): 0
Page faults serviced without IO: 0
Page faults erviced with IO: 0
Instances of input: 0
Instnaces of output: 0
Voluntary context switches: 0
Involuntary context switches: 0

User CPU time: 0 s, 4077 us
System CPU time: 0 s, 0 us
Maximum resident size (KB): 0
Page faults serviced without IO: 0
Page faults erviced with IO: 0
Instances of input: 0
Instnaces of output: 0
Voluntary context switches: 0
Involuntary context switches: 1

User CPU time: 0 s, 0 us
System CPU time: 0 s, 2881 us
Maximum resident size (KB): 0
Page faults serviced without IO: 0
Page faults erviced with IO: 0
Instances of input: 0
Instnaces of output: 0
Voluntary context switches: 0
Involuntary context switches: 2

User CPU time: 0 s, 0 us
System CPU time: 0 s, 2398 us
Maximum resident size (KB): 0
Page faults serviced without IO: 0
Page faults erviced with IO: 0
Instances of input: 0
Instnaces of output: 0
Voluntary context switches: 0
Involuntary context switches: 0

User CPU time: 0 s, 4107 us
System CPU time: 0 s, 0 us
Maximum resident size (KB): 0
Page faults serviced without IO: 0
Page faults erviced with IO: 0
Instances of input: 0
Instnaces of output: 0
Voluntary context switches: 0
Involuntary context switches: 1

User CPU time: 0 s, 3521 us
System CPU time: 0 s, 0 us
Maximum resident size (KB): 0
Page faults serviced without IO: 0
Page faults erviced with IO: 0
Instances of input: 0
Instnaces of output: 0
Voluntary context switches: 0
Involuntary context switches: 2

User CPU time: 0 s, 3635 us
System CPU time: 0 s, 0 us
Maximum resident size (KB): 0
Page faults serviced without IO: 0
Page faults erviced with IO: 0
Instances of input: 0
Instnaces of output: 0
Voluntary context switches: 0
Involuntary context switches: 3

User CPU time: 0 s, 3765 us
System CPU time: 0 s, 0 us
Maximum resident size (KB): 0
Page faults serviced without IO: 0
Page faults erviced with IO: 0
Instances of input: 0
Instnaces of output: 0
Voluntary context switches: 0
Involuntary context switches: 1

User CPU time: 0 s, 3322 us
System CPU time: 0 s, 0 us
Maximum resident size (KB): 0
Page faults serviced without IO: 0
Page faults erviced with IO: 0
Instances of input: 0
Instnaces of output: 0
Voluntary context switches: 0
Involuntary context switches: 2

User CPU time: 0 s, 0 us
System CPU time: 0 s, 3035 us
Maximum resident size (KB): 0
Page faults serviced without IO: 0
Page faults erviced with IO: 0
Instances of input: 0
Instnaces of output: 0
Voluntary context switches: 0
Involuntary context switches: 1

User CPU time: 0 s, 5987 us
System CPU time: 0 s, 0 us
Maximum resident size (KB): 0
Page faults serviced without IO: 0
Page faults erviced with IO: 0
Instances of input: 0
Instnaces of output: 0
Voluntary context switches: 0
Involuntary context switches: 2

User CPU time: 0 s, 3764 us
System CPU time: 0 s, 0 us
Maximum resident size (KB): 0
Page faults serviced without IO: 0
Page faults erviced with IO: 0
Instances of input: 0
Instnaces of output: 0
Voluntary context switches: 0
Involuntary context switches: 1

User CPU time: 0 s, 3530 us
System CPU time: 0 s, 0 us
Maximum resident size (KB): 0
Page faults serviced without IO: 0
Page faults erviced with IO: 0
Instances of input: 0
Instnaces of output: 0
Voluntary context switches: 0
Involuntary context switches: 2

User CPU time: 0 s, 0 us
System CPU time: 0 s, 3113 us
Maximum resident size (KB): 0
Page faults serviced without IO: 0
Page faults erviced with IO: 0
Instances of input: 0
Instnaces of output: 0
Voluntary context switches: 0
Involuntary context switches: 0

User CPU time: 0 s, 1773 us
System CPU time: 0 s, 879 us
Maximum resident size (KB): 0
Page faults serviced without IO: 0
Page faults erviced with IO: 0
Instances of input: 0
Instnaces of output: 0
Voluntary context switches: 0
Involuntary context switches: 1

User CPU time: 0 s, 3373 us
System CPU time: 0 s, 0 us
Maximum resident size (KB): 0
Page faults serviced without IO: 0
Page faults erviced with IO: 0
Instances of input: 0
Instnaces of output: 0
Voluntary context switches: 0
Involuntary context switches: 5

User CPU time: 0 s, 3366 us
System CPU time: 0 s, 0 us
Maximum resident size (KB): 0
Page faults serviced without IO: 0
Page faults erviced with IO: 0
Instances of input: 0
Instnaces of output: 0
Voluntary context switches: 0
Involuntary context switches: 2

User CPU time: 0 s, 3001 us
System CPU time: 0 s, 0 us
Maximum resident size (KB): 0
Page faults serviced without IO: 0
Page faults erviced with IO: 0
Instances of input: 0
Instnaces of output: 0
Voluntary context switches: 0
Involuntary context switches: 2

User CPU time: 0 s, 3577 us
System CPU time: 0 s, 0 us
Maximum resident size (KB): 0
Page faults serviced without IO: 0
Page faults erviced with IO: 0
Instances of input: 0
Instnaces of output: 0
Voluntary context switches: 0
Involuntary context switches: 2

User CPU time: 0 s, 0 us
System CPU time: 0 s, 3130 us
Maximum resident size (KB): 0
Page faults serviced without IO: 0
Page faults erviced with IO: 0
Instances of input: 0
Instnaces of output: 0
Voluntary context switches: 0
Involuntary context switches: 0

User CPU time: 0 s, 4017 us
System CPU time: 0 s, 0 us
Maximum resident size (KB): 0
Page faults serviced without IO: 0
Page faults erviced with IO: 0
Instances of input: 0
Instnaces of output: 0
Voluntary context switches: 0
Involuntary context switches: 2

User CPU time: 0 s, 0 us
System CPU time: 0 s, 2299 us
Maximum resident size (KB): 0
Page faults serviced without IO: 0
Page faults erviced with IO: 0
Instances of input: 0
Instnaces of output: 0
Voluntary context switches: 0
Involuntary context switches: 2

User CPU time: 0 s, 0 us
System CPU time: 0 s, 3025 us
Maximum resident size (KB): 0
Page faults serviced without IO: 0
Page faults erviced with IO: 0
Instances of input: 0
Instnaces of output: 0
Voluntary context switches: 0
Involuntary context switches: 0

User CPU time: 0 s, 3773 us
System CPU time: 0 s, 0 us
Maximum resident size (KB): 0
Page faults serviced without IO: 0
Page faults erviced with IO: 0
Instances of input: 0
Instnaces of output: 0
Voluntary context switches: 0
Involuntary context switches: 2

User CPU time: 0 s, 0 us
System CPU time: 0 s, 2765 us
Maximum resident size (KB): 0
Page faults serviced without IO: 0
Page faults erviced with IO: 0
Instances of input: 0
Instnaces of output: 0
Voluntary context switches: 0
Involuntary context switches: 0

User CPU time: 0 s, 4005 us
System CPU time: 0 s, 0 us
Maximum resident size (KB): 0
Page faults serviced without IO: 0
Page faults erviced with IO: 0
Instances of input: 0
Instnaces of output: 0
Voluntary context switches: 0
Involuntary context switches: 1

User CPU time: 0 s, 0 us
System CPU time: 0 s, 3048 us
Maximum resident size (KB): 0
Page faults serviced without IO: 0
Page faults erviced with IO: 0
Instances of input: 0
Instnaces of output: 0
Voluntary context switches: 0
Involuntary context switches: 1

User CPU time: 0 s, 0 us
System CPU time: 0 s, 2980 us
Maximum resident size (KB): 0
Page faults serviced without IO: 0
Page faults erviced with IO: 0
Instances of input: 0
Instnaces of output: 0
Voluntary context switches: 0
Involuntary context switches: 3

User CPU time: 0 s, 3813 us
System CPU time: 0 s, 0 us
Maximum resident size (KB): 0
Page faults serviced without IO: 0
Page faults erviced with IO: 0
Instances of input: 0
Instnaces of output: 0
Voluntary context switches: 0
Involuntary context switches: 1

User CPU time: 0 s, 0 us
System CPU time: 0 s, 3006 us
Maximum resident size (KB): 0
Page faults serviced without IO: 0
Page faults erviced with IO: 0
Instances of input: 0
Instnaces of output: 0
Voluntary context switches: 0
Involuntary context switches: 0

User CPU time: 0 s, 0 us
System CPU time: 0 s, 2986 us
Maximum resident size (KB): 0
Page faults serviced without IO: 0
Page faults erviced with IO: 0
Instances of input: 0
Instnaces of output: 0
Voluntary context switches: 0
Involuntary context switches: 0

User CPU time: 0 s, 3405 us
System CPU time: 0 s, 0 us
Maximum resident size (KB): 0
Page faults serviced without IO: 0
Page faults erviced with IO: 0
Instances of input: 0
Instnaces of output: 0
Voluntary context switches: 0
Involuntary context switches: 1

User CPU time: 0 s, 3727 us
System CPU time: 0 s, 0 us
Maximum resident size (KB): 0
Page faults serviced without IO: 0
Page faults erviced with IO: 0
Instances of input: 0
Instnaces of output: 0
Voluntary context switches: 0
Involuntary context switches: 1

User CPU time: 0 s, 2881 us
System CPU time: 0 s, 0 us
Maximum resident size (KB): 0
Page faults serviced without IO: 0
Page faults erviced with IO: 0
Instances of input: 0
Instnaces of output: 0
Voluntary context switches: 0
Involuntary context switches: 0

User CPU time: 0 s, 0 us
System CPU time: 0 s, 2936 us
Maximum resident size (KB): 0
Page faults serviced without IO: 0
Page faults erviced with IO: 0
Instances of input: 0
Instnaces of output: 0
Voluntary context switches: 0
Involuntary context switches: 1

User CPU time: 0 s, 0 us
System CPU time: 0 s, 2560 us
Maximum resident size (KB): 0
Page faults serviced without IO: 0
Page faults erviced with IO: 0
Instances of input: 0
Instnaces of output: 0
Voluntary context switches: 0
Involuntary context switches: 2

User CPU time: 0 s, 0 us
System CPU time: 0 s, 2696 us
Maximum resident size (KB): 0
Page faults serviced without IO: 0
Page faults erviced with IO: 0
Instances of input: 0
Instnaces of output: 0
Voluntary context switches: 0
Involuntary context switches: 0

User CPU time: 0 s, 3599 us
System CPU time: 0 s, 0 us
Maximum resident size (KB): 0
Page faults serviced without IO: 0
Page faults erviced with IO: 0
Instances of input: 0
Instnaces of output: 0
Voluntary context switches: 0
Involuntary context switches: 1

User CPU time: 0 s, 0 us
System CPU time: 0 s, 2779 us
Maximum resident size (KB): 0
Page faults serviced without IO: 0
Page faults erviced with IO: 0
Instances of input: 0
Instnaces of output: 0
Voluntary context switches: 0
Involuntary context switches: 0

User CPU time: 0 s, 1880 us
System CPU time: 0 s, 1075 us
Maximum resident size (KB): 0
Page faults serviced without IO: 0
Page faults erviced with IO: 0
Instances of input: 0
Instnaces of output: 0
Voluntary context switches: 0
Involuntary context switches: 6

User CPU time: 0 s, 0 us
System CPU time: 0 s, 2562 us
Maximum resident size (KB): 0
Page faults serviced without IO: 0
Page faults erviced with IO: 0
Instances of input: 0
Instnaces of output: 0
Voluntary context switches: 0
Involuntary context switches: 0

User CPU time: 0 s, 0 us
System CPU time: 0 s, 2739 us
Maximum resident size (KB): 0
Page faults serviced without IO: 0
Page faults erviced with IO: 0
Instances of input: 0
Instnaces of output: 0
Voluntary context switches: 0
Involuntary context switches: 1

User CPU time: 0 s, 0 us
System CPU time: 0 s, 2277 us
Maximum resident size (KB): 0
Page faults serviced without IO: 0
Page faults erviced with IO: 0
Instances of input: 0
Instnaces of output: 0
Voluntary context switches: 0
Involuntary context switches: 0

User CPU time: 0 s, 4030 us
System CPU time: 0 s, 0 us
Maximum resident size (KB): 0
Page faults serviced without IO: 0
Page faults erviced with IO: 0
Instances of input: 0
Instnaces of output: 0
Voluntary context switches: 0
Involuntary context switches: 1

User CPU time: 0 s, 0 us
System CPU time: 0 s, 3148 us
Maximum resident size (KB): 0
Page faults serviced without IO: 0
Page faults erviced with IO: 0
Instances of input: 0
Instnaces of output: 0
Voluntary context switches: 0
Involuntary context switches: 0

User CPU time: 0 s, 0 us
System CPU time: 0 s, 2782 us
Maximum resident size (KB): 0
Page faults serviced without IO: 0
Page faults erviced with IO: 0
Instances of input: 0
Instnaces of output: 0
Voluntary context switches: 0
Involuntary context switches: 1

User CPU time: 0 s, 4095 us
System CPU time: 0 s, 0 us
Maximum resident size (KB): 0
Page faults serviced without IO: 0
Page faults erviced with IO: 0
Instances of input: 0
Instnaces of output: 0
Voluntary context switches: 0
Involuntary context switches: 1

User CPU time: 0 s, 3770 us
System CPU time: 0 s, 0 us
Maximum resident size (KB): 0
Page faults serviced without IO: 0
Page faults erviced with IO: 0
Instances of input: 0
Instnaces of output: 0
Voluntary context switches: 0
Involuntary context switches: 2

User CPU time: 0 s, 3679 us
System CPU time: 0 s, 0 us
Maximum resident size (KB): 0
Page faults serviced without IO: 0
Page faults erviced with IO: 0
Instances of input: 0
Instnaces of output: 0
Voluntary context switches: 0
Involuntary context switches: 1

User CPU time: 0 s, 0 us
System CPU time: 0 s, 2683 us
Maximum resident size (KB): 0
Page faults serviced without IO: 0
Page faults erviced with IO: 0
Instances of input: 0
Instnaces of output: 0
Voluntary context switches: 0
Involuntary context switches: 0

User CPU time: 0 s, 0 us
System CPU time: 0 s, 2418 us
Maximum resident size (KB): 0
Page faults serviced without IO: 0
Page faults erviced with IO: 0
Instances of input: 0
Instnaces of output: 0
Voluntary context switches: 0
Involuntary context switches: 0

User CPU time: 0 s, 0 us
System CPU time: 0 s, 3097 us
Maximum resident size (KB): 0
Page faults serviced without IO: 0
Page faults erviced with IO: 0
Instances of input: 0
Instnaces of output: 0
Voluntary context switches: 0
Involuntary context switches: 0

User CPU time: 0 s, 3709 us
System CPU time: 0 s, 0 us
Maximum resident size (KB): 0
Page faults serviced without IO: 0
Page faults erviced with IO: 0
Instances of input: 0
Instnaces of output: 0
Voluntary context switches: 0
Involuntary context switches: 7

User CPU time: 0 s, 3949 us
System CPU time: 0 s, 0 us
Maximum resident size (KB): 0
Page faults serviced without IO: 0
Page faults erviced with IO: 0
Instances of input: 0
Instnaces of output: 0
Voluntary context switches: 0
Involuntary context switches: 0

User CPU time: 0 s, 0 us
System CPU time: 0 s, 2671 us
Maximum resident size (KB): 0
Page faults serviced without IO: 0
Page faults erviced with IO: 0
Instances of input: 0
Instnaces of output: 0
Voluntary context switches: 0
Involuntary context switches: 0

User CPU time: 0 s, 3754 us
System CPU time: 0 s, 0 us
Maximum resident size (KB): 0
Page faults serviced without IO: 0
Page faults erviced with IO: 0
Instances of input: 0
Instnaces of output: 0
Voluntary context switches: 0
Involuntary context switches: 1

User CPU time: 0 s, 0 us
System CPU time: 0 s, 3112 us
Maximum resident size (KB): 0
Page faults serviced without IO: 0
Page faults erviced with IO: 0
Instances of input: 0
Instnaces of output: 0
Voluntary context switches: 0
Involuntary context switches: 0

User CPU time: 0 s, 3792 us
System CPU time: 0 s, 0 us
Maximum resident size (KB): 0
Page faults serviced without IO: 0
Page faults erviced with IO: 0
Instances of input: 0
Instnaces of output: 0
Voluntary context switches: 0
Involuntary context switches: 0

User CPU time: 0 s, 3460 us
System CPU time: 0 s, 0 us
Maximum resident size (KB): 0
Page faults serviced without IO: 0
Page faults erviced with IO: 0
Instances of input: 0
Instnaces of output: 0
Voluntary context switches: 0
Involuntary context switches: 1

User CPU time: 0 s, 3838 us
System CPU time: 0 s, 0 us
Maximum resident size (KB): 0
Page faults serviced without IO: 0
Page faults erviced with IO: 0
Instances of input: 0
Instnaces of output: 0
Voluntary context switches: 0
Involuntary context switches: 2

User CPU time: 0 s, 2064 us
System CPU time: 0 s, 1188 us
Maximum resident size (KB): 0
Page faults serviced without IO: 0
Page faults erviced with IO: 0
Instances of input: 0
Instnaces of output: 0
Voluntary context switches: 0
Involuntary context switches: 2

User CPU time: 0 s, 0 us
System CPU time: 0 s, 3109 us
Maximum resident size (KB): 0
Page faults serviced without IO: 0
Page faults erviced with IO: 0
Instances of input: 0
Instnaces of output: 0
Voluntary context switches: 0
Involuntary context switches: 0

User CPU time: 0 s, 3293 us
System CPU time: 0 s, 0 us
Maximum resident size (KB): 0
Page faults serviced without IO: 0
Page faults erviced with IO: 0
Instances of input: 0
Instnaces of output: 0
Voluntary context switches: 0
Involuntary context switches: 2

User CPU time: 0 s, 0 us
System CPU time: 0 s, 2878 us
Maximum resident size (KB): 0
Page faults serviced without IO: 0
Page faults erviced with IO: 0
Instances of input: 0
Instnaces of output: 0
Voluntary context switches: 0
Involuntary context switches: 1

User CPU time: 0 s, 4026 us
System CPU time: 0 s, 0 us
Maximum resident size (KB): 0
Page faults serviced without IO: 0
Page faults erviced with IO: 0
Instances of input: 0
Instnaces of output: 0
Voluntary context switches: 0
Involuntary context switches: 2

User CPU time: 0 s, 0 us
System CPU time: 0 s, 3037 us
Maximum resident size (KB): 0
Page faults serviced without IO: 0
Page faults erviced with IO: 0
Instances of input: 0
Instnaces of output: 0
Voluntary context switches: 0
Involuntary context switches: 0

User CPU time: 0 s, 0 us
System CPU time: 0 s, 3170 us
Maximum resident size (KB): 0
Page faults serviced without IO: 0
Page faults erviced with IO: 0
Instances of input: 0
Instnaces of output: 0
Voluntary context switches: 0
Involuntary context switches: 2

User CPU time: 0 s, 3497 us
System CPU time: 0 s, 0 us
Maximum resident size (KB): 0
Page faults serviced without IO: 0
Page faults erviced with IO: 0
Instances of input: 0
Instnaces of output: 0
Voluntary context switches: 0
Involuntary context switches: 5

User CPU time: 0 s, 3516 us
System CPU time: 0 s, 0 us
Maximum resident size (KB): 0
Page faults serviced without IO: 0
Page faults erviced with IO: 0
Instances of input: 0
Instnaces of output: 0
Voluntary context switches: 0
Involuntary context switches: 0

User CPU time: 0 s, 3620 us
System CPU time: 0 s, 0 us
Maximum resident size (KB): 0
Page faults serviced without IO: 0
Page faults erviced with IO: 0
Instances of input: 0
Instnaces of output: 0
Voluntary context switches: 0
Involuntary context switches: 5

User CPU time: 0 s, 3946 us
System CPU time: 0 s, 0 us
Maximum resident size (KB): 0
Page faults serviced without IO: 0
Page faults erviced with IO: 0
Instances of input: 0
Instnaces of output: 0
Voluntary context switches: 0
Involuntary context switches: 5

User CPU time: 0 s, 3371 us
System CPU time: 0 s, 0 us
Maximum resident size (KB): 0
Page faults serviced without IO: 0
Page faults erviced with IO: 0
Instances of input: 0
Instnaces of output: 0
Voluntary context switches: 0
Involuntary context switches: 0

User CPU time: 0 s, 3568 us
System CPU time: 0 s, 0 us
Maximum resident size (KB): 0
Page faults serviced without IO: 0
Page faults erviced with IO: 0
Instances of input: 0
Instnaces of output: 0
Voluntary context switches: 0
Involuntary context switches: 0

User CPU time: 0 s, 3464 us
System CPU time: 0 s, 0 us
Maximum resident size (KB): 0
Page faults serviced without IO: 0
Page faults erviced with IO: 0
Instances of input: 0
Instnaces of output: 0
Voluntary context switches: 0
Involuntary context switches: 1

User CPU time: 0 s, 3891 us
System CPU time: 0 s, 0 us
Maximum resident size (KB): 0
Page faults serviced without IO: 0
Page faults erviced with IO: 0
Instances of input: 0
Instnaces of output: 0
Voluntary context switches: 0
Involuntary context switches: 1

User CPU time: 0 s, 2754 us
System CPU time: 0 s, 0 us
Maximum resident size (KB): 0
Page faults serviced without IO: 0
Page faults erviced with IO: 0
Instances of input: 0
Instnaces of output: 0
Voluntary context switches: 0
Involuntary context switches: 1

User CPU time: 0 s, 3821 us
System CPU time: 0 s, 0 us
Maximum resident size (KB): 0
Page faults serviced without IO: 0
Page faults erviced with IO: 0
Instances of input: 0
Instnaces of output: 0
Voluntary context switches: 0
Involuntary context switches: 1

User CPU time: 0 s, 3642 us
System CPU time: 0 s, 0 us
Maximum resident size (KB): 0
Page faults serviced without IO: 0
Page faults erviced with IO: 0
Instances of input: 0
Instnaces of output: 0
Voluntary context switches: 0
Involuntary context switches: 2

User CPU time: 0 s, 3713 us
System CPU time: 0 s, 0 us
Maximum resident size (KB): 0
Page faults serviced without IO: 0
Page faults erviced with IO: 0
Instances of input: 0
Instnaces of output: 0
Voluntary context switches: 0
Involuntary context switches: 2

User CPU time: 0 s, 2944 us
System CPU time: 0 s, 0 us
Maximum resident size (KB): 0
Page faults serviced without IO: 0
Page faults erviced with IO: 0
Instances of input: 0
Instnaces of output: 0
Voluntary context switches: 0
Involuntary context switches: 1

User CPU time: 0 s, 3917 us
System CPU time: 0 s, 0 us
Maximum resident size (KB): 0
Page faults serviced without IO: 0
Page faults erviced with IO: 0
Instances of input: 0
Instnaces of output: 0
Voluntary context switches: 0
Involuntary context switches: 3

User CPU time: 0 s, 3751 us
System CPU time: 0 s, 0 us
Maximum resident size (KB): 0
Page faults serviced without IO: 0
Page faults erviced with IO: 0
Instances of input: 0
Instnaces of output: 0
Voluntary context switches: 0
Involuntary context switches: 1

User CPU time: 0 s, 0 us
System CPU time: 0 s, 2116 us
Maximum resident size (KB): 0
Page faults serviced without IO: 0
Page faults erviced with IO: 0
Instances of input: 0
Instnaces of output: 0
Voluntary context switches: 0
Involuntary context switches: 0

User CPU time: 0 s, 4033 us
System CPU time: 0 s, 0 us
Maximum resident size (KB): 0
Page faults serviced without IO: 0
Page faults erviced with IO: 0
Instances of input: 0
Instnaces of output: 0
Voluntary context switches: 0
Involuntary context switches: 2

User CPU time: 0 s, 3912 us
System CPU time: 0 s, 0 us
Maximum resident size (KB): 0
Page faults serviced without IO: 0
Page faults erviced with IO: 0
Instances of input: 0
Instnaces of output: 0
Voluntary context switches: 0
Involuntary context switches: 2

User CPU time: 0 s, 3817 us
System CPU time: 0 s, 0 us
Maximum resident size (KB): 0
Page faults serviced without IO: 0
Page faults erviced with IO: 0
Instances of input: 0
Instnaces of output: 0
Voluntary context switches: 0
Involuntary context switches: 2

User CPU time: 0 s, 4033 us
System CPU time: 0 s, 0 us
Maximum resident size (KB): 0
Page faults serviced without IO: 0
Page faults erviced with IO: 0
Instances of input: 0
Instnaces of output: 0
Voluntary context switches: 0
Involuntary context switches: 1

User CPU time: 0 s, 3868 us
System CPU time: 0 s, 0 us
Maximum resident size (KB): 0
Page faults serviced without IO: 0
Page faults erviced with IO: 0
Instances of input: 0
Instnaces of output: 0
Voluntary context switches: 0
Involuntary context switches: 1

User CPU time: 0 s, 0 us
System CPU time: 0 s, 1854 us
Maximum resident size (KB): 0
Page faults serviced without IO: 0
Page faults erviced with IO: 0
Instances of input: 0
Instnaces of output: 0
Voluntary context switches: 0
Involuntary context switches: 0
