User CPU time: 0 s, 288215 us
System CPU time: 0 s, 0 us
Maximum resident size (KB): 0
Page faults serviced without IO: 0
Page faults erviced with IO: 0
Instances of input: 0
Instnaces of output: 0
Voluntary context switches: 0
Involuntary context switches: 83

User CPU time: 0 s, 310866 us
System CPU time: 0 s, 0 us
Maximum resident size (KB): 0
Page faults serviced without IO: 0
Page faults erviced with IO: 0
Instances of input: 0
Instnaces of output: 0
Voluntary context switches: 0
Involuntary context switches: 79

User CPU time: 0 s, 306578 us
System CPU time: 0 s, 3177 us
Maximum resident size (KB): 0
Page faults serviced without IO: 0
Page faults erviced with IO: 0
Instances of input: 0
Instnaces of output: 0
Voluntary context switches: 0
Involuntary context switches: 75

User CPU time: 0 s, 317322 us
System CPU time: 0 s, 0 us
Maximum resident size (KB): 0
Page faults serviced without IO: 0
Page faults erviced with IO: 0
Instances of input: 0
Instnaces of output: 0
Voluntary context switches: 0
Involuntary context switches: 84

User CPU time: 0 s, 318142 us
System CPU time: 0 s, 0 us
Maximum resident size (KB): 0
Page faults serviced without IO: 0
Page faults erviced with IO: 0
Instances of input: 0
Instnaces of output: 0
Voluntary context switches: 0
Involuntary context switches: 80

User CPU time: 0 s, 298599 us
System CPU time: 0 s, 0 us
Maximum resident size (KB): 0
Page faults serviced without IO: 0
Page faults erviced with IO: 0
Instances of input: 0
Instnaces of output: 0
Voluntary context switches: 0
Involuntary context switches: 75

User CPU time: 0 s, 303846 us
System CPU time: 0 s, 0 us
Maximum resident size (KB): 0
Page faults serviced without IO: 0
Page faults erviced with IO: 0
Instances of input: 0
Instnaces of output: 0
Voluntary context switches: 0
Involuntary context switches: 96

User CPU time: 0 s, 307223 us
System CPU time: 0 s, 0 us
Maximum resident size (KB): 0
Page faults serviced without IO: 0
Page faults erviced with IO: 0
Instances of input: 0
Instnaces of output: 0
Voluntary context switches: 0
Involuntary context switches: 90

User CPU time: 0 s, 310544 us
System CPU time: 0 s, 0 us
Maximum resident size (KB): 0
Page faults serviced without IO: 0
Page faults erviced with IO: 0
Instances of input: 0
Instnaces of output: 0
Voluntary context switches: 0
Involuntary context switches: 92

User CPU time: 0 s, 315425 us
System CPU time: 0 s, 0 us
Maximum resident size (KB): 0
Page faults serviced without IO: 0
Page faults erviced with IO: 0
Instances of input: 0
Instnaces of output: 0
Voluntary context switches: 0
Involuntary context switches: 76

User CPU time: 0 s, 301594 us
System CPU time: 0 s, 0 us
Maximum resident size (KB): 0
Page faults serviced without IO: 0
Page faults erviced with IO: 0
Instances of input: 0
Instnaces of output: 0
Voluntary context switches: 0
Involuntary context switches: 75

User CPU time: 0 s, 288133 us
System CPU time: 0 s, 0 us
Maximum resident size (KB): 0
Page faults serviced without IO: 0
Page faults erviced with IO: 0
Instances of input: 0
Instnaces of output: 0
Voluntary context switches: 0
Involuntary context switches: 89

User CPU time: 0 s, 300353 us
System CPU time: 0 s, 0 us
Maximum resident size (KB): 0
Page faults serviced without IO: 0
Page faults erviced with IO: 0
Instances of input: 0
Instnaces of output: 0
Voluntary context switches: 0
Involuntary context switches: 84

User CPU time: 0 s, 318122 us
System CPU time: 0 s, 0 us
Maximum resident size (KB): 0
Page faults serviced without IO: 0
Page faults erviced with IO: 0
Instances of input: 0
Instnaces of output: 0
Voluntary context switches: 0
Involuntary context switches: 84

User CPU time: 0 s, 292784 us
System CPU time: 0 s, 0 us
Maximum resident size (KB): 0
Page faults serviced without IO: 0
Page faults erviced with IO: 0
Instances of input: 0
Instnaces of output: 0
Voluntary context switches: 0
Involuntary context switches: 96

User CPU time: 0 s, 315580 us
System CPU time: 0 s, 0 us
Maximum resident size (KB): 0
Page faults serviced without IO: 0
Page faults erviced with IO: 0
Instances of input: 0
Instnaces of output: 0
Voluntary context switches: 0
Involuntary context switches: 93

User CPU time: 0 s, 304750 us
System CPU time: 0 s, 0 us
Maximum resident size (KB): 0
Page faults serviced without IO: 0
Page faults erviced with IO: 0
Instances of input: 0
Instnaces of output: 0
Voluntary context switches: 0
Involuntary context switches: 83

User CPU time: 0 s, 311248 us
System CPU time: 0 s, 0 us
Maximum resident size (KB): 0
Page faults serviced without IO: 0
Page faults erviced with IO: 0
Instances of input: 0
Instnaces of output: 0
Voluntary context switches: 0
Involuntary context switches: 98

User CPU time: 0 s, 316400 us
System CPU time: 0 s, 0 us
Maximum resident size (KB): 0
Page faults serviced without IO: 0
Page faults erviced with IO: 0
Instances of input: 0
Instnaces of output: 0
Voluntary context switches: 0
Involuntary context switches: 90

User CPU time: 0 s, 284004 us
System CPU time: 0 s, 3226 us
Maximum resident size (KB): 0
Page faults serviced without IO: 0
Page faults erviced with IO: 0
Instances of input: 0
Instnaces of output: 0
Voluntary context switches: 0
Involuntary context switches: 86

User CPU time: 0 s, 272026 us
System CPU time: 0 s, 0 us
Maximum resident size (KB): 0
Page faults serviced without IO: 0
Page faults erviced with IO: 0
Instances of input: 0
Instnaces of output: 0
Voluntary context switches: 0
Involuntary context switches: 76

User CPU time: 0 s, 311795 us
System CPU time: 0 s, 0 us
Maximum resident size (KB): 0
Page faults serviced without IO: 0
Page faults erviced with IO: 0
Instances of input: 0
Instnaces of output: 0
Voluntary context switches: 0
Involuntary context switches: 86

User CPU time: 0 s, 314603 us
System CPU time: 0 s, 0 us
Maximum resident size (KB): 0
Page faults serviced without IO: 0
Page faults erviced with IO: 0
Instances of input: 0
Instnaces of output: 0
Voluntary context switches: 0
Involuntary context switches: 83

User CPU time: 0 s, 300949 us
System CPU time: 0 s, 0 us
Maximum resident size (KB): 0
Page faults serviced without IO: 0
Page faults erviced with IO: 0
Instances of input: 0
Instnaces of output: 0
Voluntary context switches: 0
Involuntary context switches: 94

User CPU time: 0 s, 299095 us
System CPU time: 0 s, 0 us
Maximum resident size (KB): 0
Page faults serviced without IO: 0
Page faults erviced with IO: 0
Instances of input: 0
Instnaces of output: 0
Voluntary context switches: 0
Involuntary context switches: 86

User CPU time: 0 s, 317838 us
System CPU time: 0 s, 0 us
Maximum resident size (KB): 0
Page faults serviced without IO: 0
Page faults erviced with IO: 0
Instances of input: 0
Instnaces of output: 0
Voluntary context switches: 0
Involuntary context switches: 92

User CPU time: 0 s, 320571 us
System CPU time: 0 s, 0 us
Maximum resident size (KB): 0
Page faults serviced without IO: 0
Page faults erviced with IO: 0
Instances of input: 0
Instnaces of output: 0
Voluntary context switches: 0
Involuntary context switches: 84

User CPU time: 0 s, 321587 us
System CPU time: 0 s, 0 us
Maximum resident size (KB): 0
Page faults serviced without IO: 0
Page faults erviced with IO: 0
Instances of input: 0
Instnaces of output: 0
Voluntary context switches: 0
Involuntary context switches: 87

User CPU time: 0 s, 319521 us
System CPU time: 0 s, 0 us
Maximum resident size (KB): 0
Page faults serviced without IO: 0
Page faults erviced with IO: 0
Instances of input: 0
Instnaces of output: 0
Voluntary context switches: 0
Involuntary context switches: 70

User CPU time: 0 s, 309885 us
System CPU time: 0 s, 0 us
Maximum resident size (KB): 0
Page faults serviced without IO: 0
Page faults erviced with IO: 0
Instances of input: 0
Instnaces of output: 0
Voluntary context switches: 0
Involuntary context switches: 83

User CPU time: 0 s, 316945 us
System CPU time: 0 s, 0 us
Maximum resident size (KB): 0
Page faults serviced without IO: 0
Page faults erviced with IO: 0
Instances of input: 0
Instnaces of output: 0
Voluntary context switches: 0
Involuntary context switches: 63

User CPU time: 0 s, 322208 us
System CPU time: 0 s, 0 us
Maximum resident size (KB): 0
Page faults serviced without IO: 0
Page faults erviced with IO: 0
Instances of input: 0
Instnaces of output: 0
Voluntary context switches: 0
Involuntary context switches: 78

User CPU time: 0 s, 312200 us
System CPU time: 0 s, 0 us
Maximum resident size (KB): 0
Page faults serviced without IO: 0
Page faults erviced with IO: 0
Instances of input: 0
Instnaces of output: 0
Voluntary context switches: 0
Involuntary context switches: 92

User CPU time: 0 s, 298748 us
System CPU time: 0 s, 0 us
Maximum resident size (KB): 0
Page faults serviced without IO: 0
Page faults erviced with IO: 0
Instances of input: 0
Instnaces of output: 0
Voluntary context switches: 0
Involuntary context switches: 86

User CPU time: 0 s, 316280 us
System CPU time: 0 s, 0 us
Maximum resident size (KB): 0
Page faults serviced without IO: 0
Page faults erviced with IO: 0
Instances of input: 0
Instnaces of output: 0
Voluntary context switches: 0
Involuntary context switches: 88

User CPU time: 0 s, 315368 us
System CPU time: 0 s, 0 us
Maximum resident size (KB): 0
Page faults serviced without IO: 0
Page faults erviced with IO: 0
Instances of input: 0
Instnaces of output: 0
Voluntary context switches: 0
Involuntary context switches: 78

User CPU time: 0 s, 325510 us
System CPU time: 0 s, 0 us
Maximum resident size (KB): 0
Page faults serviced without IO: 0
Page faults erviced with IO: 0
Instances of input: 0
Instnaces of output: 0
Voluntary context switches: 0
Involuntary context switches: 105

User CPU time: 0 s, 318540 us
System CPU time: 0 s, 0 us
Maximum resident size (KB): 0
Page faults serviced without IO: 0
Page faults erviced with IO: 0
Instances of input: 0
Instnaces of output: 0
Voluntary context switches: 0
Involuntary context switches: 80

User CPU time: 0 s, 297428 us
System CPU time: 0 s, 0 us
Maximum resident size (KB): 0
Page faults serviced without IO: 0
Page faults erviced with IO: 0
Instances of input: 0
Instnaces of output: 0
Voluntary context switches: 0
Involuntary context switches: 79

User CPU time: 0 s, 318709 us
System CPU time: 0 s, 0 us
Maximum resident size (KB): 0
Page faults serviced without IO: 0
Page faults erviced with IO: 0
Instances of input: 0
Instnaces of output: 0
Voluntary context switches: 0
Involuntary context switches: 82

User CPU time: 0 s, 309212 us
System CPU time: 0 s, 0 us
Maximum resident size (KB): 0
Page faults serviced without IO: 0
Page faults erviced with IO: 0
Instances of input: 0
Instnaces of output: 0
Voluntary context switches: 0
Involuntary context switches: 77

User CPU time: 0 s, 310930 us
System CPU time: 0 s, 2977 us
Maximum resident size (KB): 0
Page faults serviced without IO: 0
Page faults erviced with IO: 0
Instances of input: 0
Instnaces of output: 0
Voluntary context switches: 0
Involuntary context switches: 85

User CPU time: 0 s, 311696 us
System CPU time: 0 s, 0 us
Maximum resident size (KB): 0
Page faults serviced without IO: 0
Page faults erviced with IO: 0
Instances of input: 0
Instnaces of output: 0
Voluntary context switches: 0
Involuntary context switches: 72

User CPU time: 0 s, 318550 us
System CPU time: 0 s, 0 us
Maximum resident size (KB): 0
Page faults serviced without IO: 0
Page faults erviced with IO: 0
Instances of input: 0
Instnaces of output: 0
Voluntary context switches: 0
Involuntary context switches: 71

User CPU time: 0 s, 311499 us
System CPU time: 0 s, 0 us
Maximum resident size (KB): 0
Page faults serviced without IO: 0
Page faults erviced with IO: 0
Instances of input: 0
Instnaces of output: 0
Voluntary context switches: 0
Involuntary context switches: 101

User CPU time: 0 s, 288272 us
System CPU time: 0 s, 0 us
Maximum resident size (KB): 0
Page faults serviced without IO: 0
Page faults erviced with IO: 0
Instances of input: 0
Instnaces of output: 0
Voluntary context switches: 0
Involuntary context switches: 75

User CPU time: 0 s, 300281 us
System CPU time: 0 s, 2837 us
Maximum resident size (KB): 0
Page faults serviced without IO: 0
Page faults erviced with IO: 0
Instances of input: 0
Instnaces of output: 0
Voluntary context switches: 0
Involuntary context switches: 82

User CPU time: 0 s, 312437 us
System CPU time: 0 s, 0 us
Maximum resident size (KB): 0
Page faults serviced without IO: 0
Page faults erviced with IO: 0
Instances of input: 0
Instnaces of output: 0
Voluntary context switches: 0
Involuntary context switches: 88

User CPU time: 0 s, 315744 us
System CPU time: 0 s, 0 us
Maximum resident size (KB): 0
Page faults serviced without IO: 0
Page faults erviced with IO: 0
Instances of input: 0
Instnaces of output: 0
Voluntary context switches: 0
Involuntary context switches: 85

User CPU time: 0 s, 316986 us
System CPU time: 0 s, 0 us
Maximum resident size (KB): 0
Page faults serviced without IO: 0
Page faults erviced with IO: 0
Instances of input: 0
Instnaces of output: 0
Voluntary context switches: 0
Involuntary context switches: 81

User CPU time: 0 s, 313272 us
System CPU time: 0 s, 0 us
Maximum resident size (KB): 0
Page faults serviced without IO: 0
Page faults erviced with IO: 0
Instances of input: 0
Instnaces of output: 0
Voluntary context switches: 0
Involuntary context switches: 93

User CPU time: 0 s, 313554 us
System CPU time: 0 s, 3020 us
Maximum resident size (KB): 0
Page faults serviced without IO: 0
Page faults erviced with IO: 0
Instances of input: 0
Instnaces of output: 0
Voluntary context switches: 0
Involuntary context switches: 69

User CPU time: 0 s, 299908 us
System CPU time: 0 s, 0 us
Maximum resident size (KB): 0
Page faults serviced without IO: 0
Page faults erviced with IO: 0
Instances of input: 0
Instnaces of output: 0
Voluntary context switches: 0
Involuntary context switches: 80

User CPU time: 0 s, 293187 us
System CPU time: 0 s, 0 us
Maximum resident size (KB): 0
Page faults serviced without IO: 0
Page faults erviced with IO: 0
Instances of input: 0
Instnaces of output: 0
Voluntary context switches: 0
Involuntary context switches: 86

User CPU time: 0 s, 287750 us
System CPU time: 0 s, 0 us
Maximum resident size (KB): 0
Page faults serviced without IO: 0
Page faults erviced with IO: 0
Instances of input: 0
Instnaces of output: 0
Voluntary context switches: 0
Involuntary context switches: 76

User CPU time: 0 s, 309943 us
System CPU time: 0 s, 0 us
Maximum resident size (KB): 0
Page faults serviced without IO: 0
Page faults erviced with IO: 0
Instances of input: 0
Instnaces of output: 0
Voluntary context switches: 0
Involuntary context switches: 84

User CPU time: 0 s, 320900 us
System CPU time: 0 s, 0 us
Maximum resident size (KB): 0
Page faults serviced without IO: 0
Page faults erviced with IO: 0
Instances of input: 0
Instnaces of output: 0
Voluntary context switches: 0
Involuntary context switches: 57

User CPU time: 0 s, 292270 us
System CPU time: 0 s, 0 us
Maximum resident size (KB): 0
Page faults serviced without IO: 0
Page faults erviced with IO: 0
Instances of input: 0
Instnaces of output: 0
Voluntary context switches: 0
Involuntary context switches: 77

User CPU time: 0 s, 321948 us
System CPU time: 0 s, 0 us
Maximum resident size (KB): 0
Page faults serviced without IO: 0
Page faults erviced with IO: 0
Instances of input: 0
Instnaces of output: 0
Voluntary context switches: 0
Involuntary context switches: 87

User CPU time: 0 s, 316894 us
System CPU time: 0 s, 0 us
Maximum resident size (KB): 0
Page faults serviced without IO: 0
Page faults erviced with IO: 0
Instances of input: 0
Instnaces of output: 0
Voluntary context switches: 0
Involuntary context switches: 66

User CPU time: 0 s, 315441 us
System CPU time: 0 s, 0 us
Maximum resident size (KB): 0
Page faults serviced without IO: 0
Page faults erviced with IO: 0
Instances of input: 0
Instnaces of output: 0
Voluntary context switches: 0
Involuntary context switches: 80

User CPU time: 0 s, 319231 us
System CPU time: 0 s, 0 us
Maximum resident size (KB): 0
Page faults serviced without IO: 0
Page faults erviced with IO: 0
Instances of input: 0
Instnaces of output: 0
Voluntary context switches: 0
Involuntary context switches: 73

User CPU time: 0 s, 309278 us
System CPU time: 0 s, 3011 us
Maximum resident size (KB): 0
Page faults serviced without IO: 0
Page faults erviced with IO: 0
Instances of input: 0
Instnaces of output: 0
Voluntary context switches: 0
Involuntary context switches: 82

User CPU time: 0 s, 316489 us
System CPU time: 0 s, 0 us
Maximum resident size (KB): 0
Page faults serviced without IO: 0
Page faults erviced with IO: 0
Instances of input: 0
Instnaces of output: 0
Voluntary context switches: 0
Involuntary context switches: 85

User CPU time: 0 s, 287042 us
System CPU time: 0 s, 0 us
Maximum resident size (KB): 0
Page faults serviced without IO: 0
Page faults erviced with IO: 0
Instances of input: 0
Instnaces of output: 0
Voluntary context switches: 0
Involuntary context switches: 84

User CPU time: 0 s, 317001 us
System CPU time: 0 s, 0 us
Maximum resident size (KB): 0
Page faults serviced without IO: 0
Page faults erviced with IO: 0
Instances of input: 0
Instnaces of output: 0
Voluntary context switches: 0
Involuntary context switches: 75

User CPU time: 0 s, 310183 us
System CPU time: 0 s, 0 us
Maximum resident size (KB): 0
Page faults serviced without IO: 0
Page faults erviced with IO: 0
Instances of input: 0
Instnaces of output: 0
Voluntary context switches: 0
Involuntary context switches: 84

User CPU time: 0 s, 306890 us
System CPU time: 0 s, 0 us
Maximum resident size (KB): 0
Page faults serviced without IO: 0
Page faults erviced with IO: 0
Instances of input: 0
Instnaces of output: 0
Voluntary context switches: 0
Involuntary context switches: 73

User CPU time: 0 s, 315879 us
System CPU time: 0 s, 0 us
Maximum resident size (KB): 0
Page faults serviced without IO: 0
Page faults erviced with IO: 0
Instances of input: 0
Instnaces of output: 0
Voluntary context switches: 0
Involuntary context switches: 81

User CPU time: 0 s, 290312 us
System CPU time: 0 s, 0 us
Maximum resident size (KB): 0
Page faults serviced without IO: 0
Page faults erviced with IO: 0
Instances of input: 0
Instnaces of output: 0
Voluntary context switches: 0
Involuntary context switches: 73

User CPU time: 0 s, 313030 us
System CPU time: 0 s, 0 us
Maximum resident size (KB): 0
Page faults serviced without IO: 0
Page faults erviced with IO: 0
Instances of input: 0
Instnaces of output: 0
Voluntary context switches: 0
Involuntary context switches: 88

User CPU time: 0 s, 315321 us
System CPU time: 0 s, 0 us
Maximum resident size (KB): 0
Page faults serviced without IO: 0
Page faults erviced with IO: 0
Instances of input: 0
Instnaces of output: 0
Voluntary context switches: 0
Involuntary context switches: 93

User CPU time: 0 s, 313867 us
System CPU time: 0 s, 0 us
Maximum resident size (KB): 0
Page faults serviced without IO: 0
Page faults erviced with IO: 0
Instances of input: 0
Instnaces of output: 0
Voluntary context switches: 0
Involuntary context switches: 91

User CPU time: 0 s, 301184 us
System CPU time: 0 s, 0 us
Maximum resident size (KB): 0
Page faults serviced without IO: 0
Page faults erviced with IO: 0
Instances of input: 0
Instnaces of output: 0
Voluntary context switches: 0
Involuntary context switches: 81

User CPU time: 0 s, 301658 us
System CPU time: 0 s, 0 us
Maximum resident size (KB): 0
Page faults serviced without IO: 0
Page faults erviced with IO: 0
Instances of input: 0
Instnaces of output: 0
Voluntary context switches: 0
Involuntary context switches: 74

User CPU time: 0 s, 319825 us
System CPU time: 0 s, 0 us
Maximum resident size (KB): 0
Page faults serviced without IO: 0
Page faults erviced with IO: 0
Instances of input: 0
Instnaces of output: 0
Voluntary context switches: 0
Involuntary context switches: 91

User CPU time: 0 s, 302972 us
System CPU time: 0 s, 0 us
Maximum resident size (KB): 0
Page faults serviced without IO: 0
Page faults erviced with IO: 0
Instances of input: 0
Instnaces of output: 0
Voluntary context switches: 0
Involuntary context switches: 92

User CPU time: 0 s, 316744 us
System CPU time: 0 s, 0 us
Maximum resident size (KB): 0
Page faults serviced without IO: 0
Page faults erviced with IO: 0
Instances of input: 0
Instnaces of output: 0
Voluntary context switches: 0
Involuntary context switches: 106

User CPU time: 0 s, 316999 us
System CPU time: 0 s, 0 us
Maximum resident size (KB): 0
Page faults serviced without IO: 0
Page faults erviced with IO: 0
Instances of input: 0
Instnaces of output: 0
Voluntary context switches: 0
Involuntary context switches: 92

User CPU time: 0 s, 316168 us
System CPU time: 0 s, 0 us
Maximum resident size (KB): 0
Page faults serviced without IO: 0
Page faults erviced with IO: 0
Instances of input: 0
Instnaces of output: 0
Voluntary context switches: 0
Involuntary context switches: 93

User CPU time: 0 s, 321644 us
System CPU time: 0 s, 0 us
Maximum resident size (KB): 0
Page faults serviced without IO: 0
Page faults erviced with IO: 0
Instances of input: 0
Instnaces of output: 0
Voluntary context switches: 0
Involuntary context switches: 80

User CPU time: 0 s, 304601 us
System CPU time: 0 s, 0 us
Maximum resident size (KB): 0
Page faults serviced without IO: 0
Page faults erviced with IO: 0
Instances of input: 0
Instnaces of output: 0
Voluntary context switches: 0
Involuntary context switches: 74

User CPU time: 0 s, 316164 us
System CPU time: 0 s, 0 us
Maximum resident size (KB): 0
Page faults serviced without IO: 0
Page faults erviced with IO: 0
Instances of input: 0
Instnaces of output: 0
Voluntary context switches: 0
Involuntary context switches: 104

User CPU time: 0 s, 315125 us
System CPU time: 0 s, 0 us
Maximum resident size (KB): 0
Page faults serviced without IO: 0
Page faults erviced with IO: 0
Instances of input: 0
Instnaces of output: 0
Voluntary context switches: 0
Involuntary context switches: 72

User CPU time: 0 s, 295367 us
System CPU time: 0 s, 3317 us
Maximum resident size (KB): 0
Page faults serviced without IO: 0
Page faults erviced with IO: 0
Instances of input: 0
Instnaces of output: 0
Voluntary context switches: 0
Involuntary context switches: 99

User CPU time: 0 s, 309162 us
System CPU time: 0 s, 3138 us
Maximum resident size (KB): 0
Page faults serviced without IO: 0
Page faults erviced with IO: 0
Instances of input: 0
Instnaces of output: 0
Voluntary context switches: 0
Involuntary context switches: 83

User CPU time: 0 s, 288801 us
System CPU time: 0 s, 0 us
Maximum resident size (KB): 0
Page faults serviced without IO: 0
Page faults erviced with IO: 0
Instances of input: 0
Instnaces of output: 0
Voluntary context switches: 0
Involuntary context switches: 77

User CPU time: 0 s, 278207 us
System CPU time: 0 s, 0 us
Maximum resident size (KB): 0
Page faults serviced without IO: 0
Page faults erviced with IO: 0
Instances of input: 0
Instnaces of output: 0
Voluntary context switches: 0
Involuntary context switches: 68

User CPU time: 0 s, 313420 us
System CPU time: 0 s, 0 us
Maximum resident size (KB): 0
Page faults serviced without IO: 0
Page faults erviced with IO: 0
Instances of input: 0
Instnaces of output: 0
Voluntary context switches: 0
Involuntary context switches: 89

User CPU time: 0 s, 289692 us
System CPU time: 0 s, 0 us
Maximum resident size (KB): 0
Page faults serviced without IO: 0
Page faults erviced with IO: 0
Instances of input: 0
Instnaces of output: 0
Voluntary context switches: 0
Involuntary context switches: 61

User CPU time: 0 s, 301666 us
System CPU time: 0 s, 0 us
Maximum resident size (KB): 0
Page faults serviced without IO: 0
Page faults erviced with IO: 0
Instances of input: 0
Instnaces of output: 0
Voluntary context switches: 0
Involuntary context switches: 67

User CPU time: 0 s, 299452 us
System CPU time: 0 s, 0 us
Maximum resident size (KB): 0
Page faults serviced without IO: 0
Page faults erviced with IO: 0
Instances of input: 0
Instnaces of output: 0
Voluntary context switches: 0
Involuntary context switches: 77

User CPU time: 0 s, 311906 us
System CPU time: 0 s, 0 us
Maximum resident size (KB): 0
Page faults serviced without IO: 0
Page faults erviced with IO: 0
Instances of input: 0
Instnaces of output: 0
Voluntary context switches: 0
Involuntary context switches: 92

User CPU time: 0 s, 295656 us
System CPU time: 0 s, 0 us
Maximum resident size (KB): 0
Page faults serviced without IO: 0
Page faults erviced with IO: 0
Instances of input: 0
Instnaces of output: 0
Voluntary context switches: 0
Involuntary context switches: 102

User CPU time: 0 s, 282555 us
System CPU time: 0 s, 0 us
Maximum resident size (KB): 0
Page faults serviced without IO: 0
Page faults erviced with IO: 0
Instances of input: 0
Instnaces of output: 0
Voluntary context switches: 0
Involuntary context switches: 58

User CPU time: 0 s, 295092 us
System CPU time: 0 s, 0 us
Maximum resident size (KB): 0
Page faults serviced without IO: 0
Page faults erviced with IO: 0
Instances of input: 0
Instnaces of output: 0
Voluntary context switches: 0
Involuntary context switches: 96

User CPU time: 0 s, 315658 us
System CPU time: 0 s, 0 us
Maximum resident size (KB): 0
Page faults serviced without IO: 0
Page faults erviced with IO: 0
Instances of input: 0
Instnaces of output: 0
Voluntary context switches: 0
Involuntary context switches: 71

User CPU time: 0 s, 292562 us
System CPU time: 0 s, 0 us
Maximum resident size (KB): 0
Page faults serviced without IO: 0
Page faults erviced with IO: 0
Instances of input: 0
Instnaces of output: 0
Voluntary context switches: 0
Involuntary context switches: 67

User CPU time: 0 s, 304475 us
System CPU time: 0 s, 0 us
Maximum resident size (KB): 0
Page faults serviced without IO: 0
Page faults erviced with IO: 0
Instances of input: 0
Instnaces of output: 0
Voluntary context switches: 0
Involuntary context switches: 99

User CPU time: 0 s, 242500 us
System CPU time: 0 s, 3080 us
Maximum resident size (KB): 0
Page faults serviced without IO: 0
Page faults erviced with IO: 0
Instances of input: 0
Instnaces of output: 0
Voluntary context switches: 0
Involuntary context switches: 66
