User CPU time: 30 s, 688506 us
System CPU time: 0 s, 1443 us
Maximum resident size (KB): 0
Page faults serviced without IO: 0
Page faults erviced with IO: 0
Instances of input: 0
Instnaces of output: 0
Voluntary context switches: 0
Involuntary context switches: 6612

User CPU time: 30 s, 588369 us
System CPU time: 0 s, 348 us
Maximum resident size (KB): 0
Page faults serviced without IO: 0
Page faults erviced with IO: 0
Instances of input: 0
Instnaces of output: 0
Voluntary context switches: 0
Involuntary context switches: 6333

User CPU time: 30 s, 358872 us
System CPU time: 0 s, 4197 us
Maximum resident size (KB): 0
Page faults serviced without IO: 0
Page faults erviced with IO: 0
Instances of input: 0
Instnaces of output: 0
Voluntary context switches: 0
Involuntary context switches: 6119

User CPU time: 30 s, 822193 us
System CPU time: 0 s, 0 us
Maximum resident size (KB): 0
Page faults serviced without IO: 0
Page faults erviced with IO: 0
Instances of input: 0
Instnaces of output: 0
Voluntary context switches: 0
Involuntary context switches: 6494

User CPU time: 30 s, 798042 us
System CPU time: 0 s, 2508 us
Maximum resident size (KB): 0
Page faults serviced without IO: 0
Page faults erviced with IO: 0
Instances of input: 0
Instnaces of output: 0
Voluntary context switches: 0
Involuntary context switches: 6224

User CPU time: 30 s, 330176 us
System CPU time: 0 s, 6216 us
Maximum resident size (KB): 0
Page faults serviced without IO: 0
Page faults erviced with IO: 0
Instances of input: 0
Instnaces of output: 0
Voluntary context switches: 0
Involuntary context switches: 6480

User CPU time: 30 s, 919482 us
System CPU time: 0 s, 2471 us
Maximum resident size (KB): 0
Page faults serviced without IO: 0
Page faults erviced with IO: 0
Instances of input: 0
Instnaces of output: 0
Voluntary context switches: 0
Involuntary context switches: 6344

User CPU time: 29 s, 503448 us
System CPU time: 0 s, 197 us
Maximum resident size (KB): 0
Page faults serviced without IO: 0
Page faults erviced with IO: 0
Instances of input: 0
Instnaces of output: 0
Voluntary context switches: 0
Involuntary context switches: 5770

User CPU time: 30 s, 227212 us
System CPU time: 0 s, 2533 us
Maximum resident size (KB): 0
Page faults serviced without IO: 0
Page faults erviced with IO: 0
Instances of input: 0
Instnaces of output: 0
Voluntary context switches: 0
Involuntary context switches: 6688

User CPU time: 30 s, 536905 us
System CPU time: 0 s, 0 us
Maximum resident size (KB): 0
Page faults serviced without IO: 0
Page faults erviced with IO: 0
Instances of input: 0
Instnaces of output: 0
Voluntary context switches: 0
Involuntary context switches: 6411

User CPU time: 30 s, 551031 us
System CPU time: 0 s, 34257 us
Maximum resident size (KB): 0
Page faults serviced without IO: 0
Page faults erviced with IO: 0
Instances of input: 0
Instnaces of output: 0
Voluntary context switches: 0
Involuntary context switches: 6232

User CPU time: 31 s, 21836 us
System CPU time: 0 s, 10453 us
Maximum resident size (KB): 0
Page faults serviced without IO: 0
Page faults erviced with IO: 0
Instances of input: 0
Instnaces of output: 0
Voluntary context switches: 0
Involuntary context switches: 6546

User CPU time: 31 s, 85421 us
System CPU time: 0 s, 0 us
Maximum resident size (KB): 0
Page faults serviced without IO: 0
Page faults erviced with IO: 0
Instances of input: 0
Instnaces of output: 0
Voluntary context switches: 0
Involuntary context switches: 6508

User CPU time: 30 s, 927892 us
System CPU time: 0 s, 0 us
Maximum resident size (KB): 0
Page faults serviced without IO: 0
Page faults erviced with IO: 0
Instances of input: 0
Instnaces of output: 0
Voluntary context switches: 0
Involuntary context switches: 6347

User CPU time: 30 s, 889892 us
System CPU time: 0 s, 6363 us
Maximum resident size (KB): 0
Page faults serviced without IO: 0
Page faults erviced with IO: 0
Instances of input: 0
Instnaces of output: 0
Voluntary context switches: 0
Involuntary context switches: 6990

User CPU time: 30 s, 154671 us
System CPU time: 0 s, 0 us
Maximum resident size (KB): 0
Page faults serviced without IO: 0
Page faults erviced with IO: 0
Instances of input: 0
Instnaces of output: 0
Voluntary context switches: 0
Involuntary context switches: 6368

User CPU time: 30 s, 584992 us
System CPU time: 0 s, 0 us
Maximum resident size (KB): 0
Page faults serviced without IO: 0
Page faults erviced with IO: 0
Instances of input: 0
Instnaces of output: 0
Voluntary context switches: 0
Involuntary context switches: 6219

User CPU time: 29 s, 966364 us
System CPU time: 0 s, 6238 us
Maximum resident size (KB): 0
Page faults serviced without IO: 0
Page faults erviced with IO: 0
Instances of input: 0
Instnaces of output: 0
Voluntary context switches: 0
Involuntary context switches: 6500

User CPU time: 30 s, 830587 us
System CPU time: 0 s, 0 us
Maximum resident size (KB): 0
Page faults serviced without IO: 0
Page faults erviced with IO: 0
Instances of input: 0
Instnaces of output: 0
Voluntary context switches: 0
Involuntary context switches: 6301

User CPU time: 30 s, 867450 us
System CPU time: 0 s, 2395 us
Maximum resident size (KB): 0
Page faults serviced without IO: 0
Page faults erviced with IO: 0
Instances of input: 0
Instnaces of output: 0
Voluntary context switches: 0
Involuntary context switches: 6245

User CPU time: 30 s, 49799 us
System CPU time: 0 s, 6484 us
Maximum resident size (KB): 0
Page faults serviced without IO: 0
Page faults erviced with IO: 0
Instances of input: 0
Instnaces of output: 0
Voluntary context switches: 0
Involuntary context switches: 6030

User CPU time: 30 s, 155439 us
System CPU time: 0 s, 2510 us
Maximum resident size (KB): 0
Page faults serviced without IO: 0
Page faults erviced with IO: 0
Instances of input: 0
Instnaces of output: 0
Voluntary context switches: 0
Involuntary context switches: 6742

User CPU time: 30 s, 599141 us
System CPU time: 0 s, 2329 us
Maximum resident size (KB): 0
Page faults serviced without IO: 0
Page faults erviced with IO: 0
Instances of input: 0
Instnaces of output: 0
Voluntary context switches: 0
Involuntary context switches: 6358

User CPU time: 30 s, 830320 us
System CPU time: 0 s, 2317 us
Maximum resident size (KB): 0
Page faults serviced without IO: 0
Page faults erviced with IO: 0
Instances of input: 0
Instnaces of output: 0
Voluntary context switches: 0
Involuntary context switches: 6321

User CPU time: 30 s, 844136 us
System CPU time: 0 s, 10301 us
Maximum resident size (KB): 0
Page faults serviced without IO: 0
Page faults erviced with IO: 0
Instances of input: 0
Instnaces of output: 0
Voluntary context switches: 0
Involuntary context switches: 6288

User CPU time: 30 s, 165578 us
System CPU time: 0 s, 10366 us
Maximum resident size (KB): 0
Page faults serviced without IO: 0
Page faults erviced with IO: 0
Instances of input: 0
Instnaces of output: 0
Voluntary context switches: 0
Involuntary context switches: 6689

User CPU time: 30 s, 600127 us
System CPU time: 0 s, 2457 us
Maximum resident size (KB): 0
Page faults serviced without IO: 0
Page faults erviced with IO: 0
Instances of input: 0
Instnaces of output: 0
Voluntary context switches: 0
Involuntary context switches: 6422

User CPU time: 30 s, 728762 us
System CPU time: 0 s, 2329 us
Maximum resident size (KB): 0
Page faults serviced without IO: 0
Page faults erviced with IO: 0
Instances of input: 0
Instnaces of output: 0
Voluntary context switches: 0
Involuntary context switches: 6487

User CPU time: 30 s, 338103 us
System CPU time: 0 s, 2459 us
Maximum resident size (KB): 0
Page faults serviced without IO: 0
Page faults erviced with IO: 0
Instances of input: 0
Instnaces of output: 0
Voluntary context switches: 0
Involuntary context switches: 6174

User CPU time: 30 s, 928159 us
System CPU time: 0 s, 2541 us
Maximum resident size (KB): 0
Page faults serviced without IO: 0
Page faults erviced with IO: 0
Instances of input: 0
Instnaces of output: 0
Voluntary context switches: 0
Involuntary context switches: 6405

User CPU time: 30 s, 941091 us
System CPU time: 0 s, 6452 us
Maximum resident size (KB): 0
Page faults serviced without IO: 0
Page faults erviced with IO: 0
Instances of input: 0
Instnaces of output: 0
Voluntary context switches: 0
Involuntary context switches: 6326

User CPU time: 30 s, 371479 us
System CPU time: 0 s, 6134 us
Maximum resident size (KB): 0
Page faults serviced without IO: 0
Page faults erviced with IO: 0
Instances of input: 0
Instnaces of output: 0
Voluntary context switches: 0
Involuntary context switches: 6863

User CPU time: 30 s, 723773 us
System CPU time: 0 s, 0 us
Maximum resident size (KB): 0
Page faults serviced without IO: 0
Page faults erviced with IO: 0
Instances of input: 0
Instnaces of output: 0
Voluntary context switches: 0
Involuntary context switches: 6148

User CPU time: 29 s, 859753 us
System CPU time: 0 s, 2394 us
Maximum resident size (KB): 0
Page faults serviced without IO: 0
Page faults erviced with IO: 0
Instances of input: 0
Instnaces of output: 0
Voluntary context switches: 0
Involuntary context switches: 5890

User CPU time: 30 s, 322753 us
System CPU time: 0 s, 0 us
Maximum resident size (KB): 0
Page faults serviced without IO: 0
Page faults erviced with IO: 0
Instances of input: 0
Instnaces of output: 0
Voluntary context switches: 0
Involuntary context switches: 5982

User CPU time: 30 s, 480141 us
System CPU time: 0 s, 6368 us
Maximum resident size (KB): 0
Page faults serviced without IO: 0
Page faults erviced with IO: 0
Instances of input: 0
Instnaces of output: 0
Voluntary context switches: 0
Involuntary context switches: 6359

User CPU time: 30 s, 705481 us
System CPU time: 0 s, 2359 us
Maximum resident size (KB): 0
Page faults serviced without IO: 0
Page faults erviced with IO: 0
Instances of input: 0
Instnaces of output: 0
Voluntary context switches: 0
Involuntary context switches: 5937

User CPU time: 30 s, 594000 us
System CPU time: 0 s, 2392 us
Maximum resident size (KB): 0
Page faults serviced without IO: 0
Page faults erviced with IO: 0
Instances of input: 0
Instnaces of output: 0
Voluntary context switches: 0
Involuntary context switches: 6219

User CPU time: 30 s, 256665 us
System CPU time: 0 s, 10341 us
Maximum resident size (KB): 0
Page faults serviced without IO: 0
Page faults erviced with IO: 0
Instances of input: 0
Instnaces of output: 0
Voluntary context switches: 0
Involuntary context switches: 6711

User CPU time: 29 s, 198795 us
System CPU time: 0 s, 0 us
Maximum resident size (KB): 0
Page faults serviced without IO: 0
Page faults erviced with IO: 0
Instances of input: 0
Instnaces of output: 0
Voluntary context switches: 0
Involuntary context switches: 6206

User CPU time: 30 s, 312315 us
System CPU time: 0 s, 14302 us
Maximum resident size (KB): 0
Page faults serviced without IO: 0
Page faults erviced with IO: 0
Instances of input: 0
Instnaces of output: 0
Voluntary context switches: 0
Involuntary context switches: 6474

User CPU time: 30 s, 754581 us
System CPU time: 0 s, 0 us
Maximum resident size (KB): 0
Page faults serviced without IO: 0
Page faults erviced with IO: 0
Instances of input: 0
Instnaces of output: 0
Voluntary context switches: 0
Involuntary context switches: 6269

User CPU time: 31 s, 97859 us
System CPU time: 0 s, 18350 us
Maximum resident size (KB): 0
Page faults serviced without IO: 0
Page faults erviced with IO: 0
Instances of input: 0
Instnaces of output: 0
Voluntary context switches: 0
Involuntary context switches: 6457

User CPU time: 30 s, 548978 us
System CPU time: 0 s, 2324 us
Maximum resident size (KB): 0
Page faults serviced without IO: 0
Page faults erviced with IO: 0
Instances of input: 0
Instnaces of output: 0
Voluntary context switches: 0
Involuntary context switches: 6395

User CPU time: 31 s, 82261 us
System CPU time: 0 s, 0 us
Maximum resident size (KB): 0
Page faults serviced without IO: 0
Page faults erviced with IO: 0
Instances of input: 0
Instnaces of output: 0
Voluntary context switches: 0
Involuntary context switches: 6378

User CPU time: 30 s, 948614 us
System CPU time: 0 s, 2311 us
Maximum resident size (KB): 0
Page faults serviced without IO: 0
Page faults erviced with IO: 0
Instances of input: 0
Instnaces of output: 0
Voluntary context switches: 0
Involuntary context switches: 6518

User CPU time: 30 s, 863610 us
System CPU time: 0 s, 0 us
Maximum resident size (KB): 0
Page faults serviced without IO: 0
Page faults erviced with IO: 0
Instances of input: 0
Instnaces of output: 0
Voluntary context switches: 0
Involuntary context switches: 6424

User CPU time: 29 s, 590881 us
System CPU time: 0 s, 2491 us
Maximum resident size (KB): 0
Page faults serviced without IO: 0
Page faults erviced with IO: 0
Instances of input: 0
Instnaces of output: 0
Voluntary context switches: 0
Involuntary context switches: 6711

User CPU time: 31 s, 6933 us
System CPU time: 0 s, 2518 us
Maximum resident size (KB): 0
Page faults serviced without IO: 0
Page faults erviced with IO: 0
Instances of input: 0
Instnaces of output: 0
Voluntary context switches: 0
Involuntary context switches: 6114

User CPU time: 30 s, 867394 us
System CPU time: 0 s, 2440 us
Maximum resident size (KB): 0
Page faults serviced without IO: 0
Page faults erviced with IO: 0
Instances of input: 0
Instnaces of output: 0
Voluntary context switches: 0
Involuntary context switches: 6293

User CPU time: 31 s, 191487 us
System CPU time: 0 s, 0 us
Maximum resident size (KB): 0
Page faults serviced without IO: 0
Page faults erviced with IO: 0
Instances of input: 0
Instnaces of output: 0
Voluntary context switches: 0
Involuntary context switches: 7015

User CPU time: 29 s, 444261 us
System CPU time: 0 s, 6585 us
Maximum resident size (KB): 0
Page faults serviced without IO: 0
Page faults erviced with IO: 0
Instances of input: 0
Instnaces of output: 0
Voluntary context switches: 0
Involuntary context switches: 6137

User CPU time: 30 s, 858695 us
System CPU time: 0 s, 0 us
Maximum resident size (KB): 0
Page faults serviced without IO: 0
Page faults erviced with IO: 0
Instances of input: 0
Instnaces of output: 0
Voluntary context switches: 0
Involuntary context switches: 7034

User CPU time: 30 s, 351547 us
System CPU time: 0 s, 14535 us
Maximum resident size (KB): 0
Page faults serviced without IO: 0
Page faults erviced with IO: 0
Instances of input: 0
Instnaces of output: 0
Voluntary context switches: 0
Involuntary context switches: 6789

User CPU time: 29 s, 966613 us
System CPU time: 0 s, 2517 us
Maximum resident size (KB): 0
Page faults serviced without IO: 0
Page faults erviced with IO: 0
Instances of input: 0
Instnaces of output: 0
Voluntary context switches: 0
Involuntary context switches: 6602

User CPU time: 30 s, 376387 us
System CPU time: 0 s, 10508 us
Maximum resident size (KB): 0
Page faults serviced without IO: 0
Page faults erviced with IO: 0
Instances of input: 0
Instnaces of output: 0
Voluntary context switches: 0
Involuntary context switches: 6607

User CPU time: 29 s, 517072 us
System CPU time: 0 s, 38456 us
Maximum resident size (KB): 0
Page faults serviced without IO: 0
Page faults erviced with IO: 0
Instances of input: 0
Instnaces of output: 0
Voluntary context switches: 0
Involuntary context switches: 6833

User CPU time: 30 s, 995502 us
System CPU time: 0 s, 2493 us
Maximum resident size (KB): 0
Page faults serviced without IO: 0
Page faults erviced with IO: 0
Instances of input: 0
Instnaces of output: 0
Voluntary context switches: 0
Involuntary context switches: 7037

User CPU time: 30 s, 805680 us
System CPU time: 0 s, 2453 us
Maximum resident size (KB): 0
Page faults serviced without IO: 0
Page faults erviced with IO: 0
Instances of input: 0
Instnaces of output: 0
Voluntary context switches: 0
Involuntary context switches: 6990

User CPU time: 30 s, 757129 us
System CPU time: 0 s, 18529 us
Maximum resident size (KB): 0
Page faults serviced without IO: 0
Page faults erviced with IO: 0
Instances of input: 0
Instnaces of output: 0
Voluntary context switches: 0
Involuntary context switches: 7538

User CPU time: 31 s, 369182 us
System CPU time: 0 s, 2516 us
Maximum resident size (KB): 0
Page faults serviced without IO: 0
Page faults erviced with IO: 0
Instances of input: 0
Instnaces of output: 0
Voluntary context switches: 0
Involuntary context switches: 8463

User CPU time: 30 s, 364905 us
System CPU time: 0 s, 0 us
Maximum resident size (KB): 0
Page faults serviced without IO: 0
Page faults erviced with IO: 0
Instances of input: 0
Instnaces of output: 0
Voluntary context switches: 0
Involuntary context switches: 6995

User CPU time: 30 s, 671913 us
System CPU time: 0 s, 6508 us
Maximum resident size (KB): 0
Page faults serviced without IO: 0
Page faults erviced with IO: 0
Instances of input: 0
Instnaces of output: 0
Voluntary context switches: 0
Involuntary context switches: 6363

User CPU time: 30 s, 595495 us
System CPU time: 0 s, 0 us
Maximum resident size (KB): 0
Page faults serviced without IO: 0
Page faults erviced with IO: 0
Instances of input: 0
Instnaces of output: 0
Voluntary context switches: 0
Involuntary context switches: 6797

User CPU time: 30 s, 904683 us
System CPU time: 0 s, 18406 us
Maximum resident size (KB): 0
Page faults serviced without IO: 0
Page faults erviced with IO: 0
Instances of input: 0
Instnaces of output: 0
Voluntary context switches: 0
Involuntary context switches: 6084

User CPU time: 30 s, 606437 us
System CPU time: 0 s, 2440 us
Maximum resident size (KB): 0
Page faults serviced without IO: 0
Page faults erviced with IO: 0
Instances of input: 0
Instnaces of output: 0
Voluntary context switches: 0
Involuntary context switches: 5934

User CPU time: 30 s, 614607 us
System CPU time: 0 s, 6488 us
Maximum resident size (KB): 0
Page faults serviced without IO: 0
Page faults erviced with IO: 0
Instances of input: 0
Instnaces of output: 0
Voluntary context switches: 0
Involuntary context switches: 6868

User CPU time: 31 s, 343030 us
System CPU time: 0 s, 10418 us
Maximum resident size (KB): 0
Page faults serviced without IO: 0
Page faults erviced with IO: 0
Instances of input: 0
Instnaces of output: 0
Voluntary context switches: 0
Involuntary context switches: 6498

User CPU time: 31 s, 40574 us
System CPU time: 0 s, 2495 us
Maximum resident size (KB): 0
Page faults serviced without IO: 0
Page faults erviced with IO: 0
Instances of input: 0
Instnaces of output: 0
Voluntary context switches: 0
Involuntary context switches: 6907

User CPU time: 31 s, 121217 us
System CPU time: 0 s, 0 us
Maximum resident size (KB): 0
Page faults serviced without IO: 0
Page faults erviced with IO: 0
Instances of input: 0
Instnaces of output: 0
Voluntary context switches: 0
Involuntary context switches: 6623

User CPU time: 29 s, 991363 us
System CPU time: 0 s, 6455 us
Maximum resident size (KB): 0
Page faults serviced without IO: 0
Page faults erviced with IO: 0
Instances of input: 0
Instnaces of output: 0
Voluntary context switches: 0
Involuntary context switches: 7218

User CPU time: 30 s, 715486 us
System CPU time: 0 s, 0 us
Maximum resident size (KB): 0
Page faults serviced without IO: 0
Page faults erviced with IO: 0
Instances of input: 0
Instnaces of output: 0
Voluntary context switches: 0
Involuntary context switches: 6658

User CPU time: 30 s, 621762 us
System CPU time: 0 s, 2383 us
Maximum resident size (KB): 0
Page faults serviced without IO: 0
Page faults erviced with IO: 0
Instances of input: 0
Instnaces of output: 0
Voluntary context switches: 0
Involuntary context switches: 6480

User CPU time: 30 s, 78706 us
System CPU time: 0 s, 6451 us
Maximum resident size (KB): 0
Page faults serviced without IO: 0
Page faults erviced with IO: 0
Instances of input: 0
Instnaces of output: 0
Voluntary context switches: 0
Involuntary context switches: 6728

User CPU time: 30 s, 586232 us
System CPU time: 0 s, 6265 us
Maximum resident size (KB): 0
Page faults serviced without IO: 0
Page faults erviced with IO: 0
Instances of input: 0
Instnaces of output: 0
Voluntary context switches: 0
Involuntary context switches: 6656

User CPU time: 30 s, 580343 us
System CPU time: 0 s, 0 us
Maximum resident size (KB): 0
Page faults serviced without IO: 0
Page faults erviced with IO: 0
Instances of input: 0
Instnaces of output: 0
Voluntary context switches: 0
Involuntary context switches: 7126

User CPU time: 30 s, 417506 us
System CPU time: 0 s, 2493 us
Maximum resident size (KB): 0
Page faults serviced without IO: 0
Page faults erviced with IO: 0
Instances of input: 0
Instnaces of output: 0
Voluntary context switches: 0
Involuntary context switches: 6213

User CPU time: 31 s, 9834 us
System CPU time: 0 s, 2542 us
Maximum resident size (KB): 0
Page faults serviced without IO: 0
Page faults erviced with IO: 0
Instances of input: 0
Instnaces of output: 0
Voluntary context switches: 0
Involuntary context switches: 6515

User CPU time: 30 s, 661181 us
System CPU time: 0 s, 6623 us
Maximum resident size (KB): 0
Page faults serviced without IO: 0
Page faults erviced with IO: 0
Instances of input: 0
Instnaces of output: 0
Voluntary context switches: 0
Involuntary context switches: 6699

User CPU time: 30 s, 139227 us
System CPU time: 0 s, 18406 us
Maximum resident size (KB): 0
Page faults serviced without IO: 0
Page faults erviced with IO: 0
Instances of input: 0
Instnaces of output: 0
Voluntary context switches: 0
Involuntary context switches: 6522

User CPU time: 30 s, 262893 us
System CPU time: 0 s, 6437 us
Maximum resident size (KB): 0
Page faults serviced without IO: 0
Page faults erviced with IO: 0
Instances of input: 0
Instnaces of output: 0
Voluntary context switches: 0
Involuntary context switches: 7046

User CPU time: 30 s, 799962 us
System CPU time: 0 s, 6410 us
Maximum resident size (KB): 0
Page faults serviced without IO: 0
Page faults erviced with IO: 0
Instances of input: 0
Instnaces of output: 0
Voluntary context switches: 0
Involuntary context switches: 6634

User CPU time: 30 s, 579130 us
System CPU time: 0 s, 6471 us
Maximum resident size (KB): 0
Page faults serviced without IO: 0
Page faults erviced with IO: 0
Instances of input: 0
Instnaces of output: 0
Voluntary context switches: 0
Involuntary context switches: 5967

User CPU time: 30 s, 616978 us
System CPU time: 0 s, 2456 us
Maximum resident size (KB): 0
Page faults serviced without IO: 0
Page faults erviced with IO: 0
Instances of input: 0
Instnaces of output: 0
Voluntary context switches: 0
Involuntary context switches: 6286

User CPU time: 30 s, 426326 us
System CPU time: 0 s, 6487 us
Maximum resident size (KB): 0
Page faults serviced without IO: 0
Page faults erviced with IO: 0
Instances of input: 0
Instnaces of output: 0
Voluntary context switches: 0
Involuntary context switches: 6698

User CPU time: 30 s, 413390 us
System CPU time: 0 s, 6377 us
Maximum resident size (KB): 0
Page faults serviced without IO: 0
Page faults erviced with IO: 0
Instances of input: 0
Instnaces of output: 0
Voluntary context switches: 0
Involuntary context switches: 6879

User CPU time: 31 s, 277993 us
System CPU time: 0 s, 2533 us
Maximum resident size (KB): 0
Page faults serviced without IO: 0
Page faults erviced with IO: 0
Instances of input: 0
Instnaces of output: 0
Voluntary context switches: 0
Involuntary context switches: 6205

User CPU time: 30 s, 440594 us
System CPU time: 0 s, 0 us
Maximum resident size (KB): 0
Page faults serviced without IO: 0
Page faults erviced with IO: 0
Instances of input: 0
Instnaces of output: 0
Voluntary context switches: 0
Involuntary context switches: 6419

User CPU time: 30 s, 429104 us
System CPU time: 0 s, 2497 us
Maximum resident size (KB): 0
Page faults serviced without IO: 0
Page faults erviced with IO: 0
Instances of input: 0
Instnaces of output: 0
Voluntary context switches: 0
Involuntary context switches: 6161

User CPU time: 30 s, 849734 us
System CPU time: 0 s, 0 us
Maximum resident size (KB): 0
Page faults serviced without IO: 0
Page faults erviced with IO: 0
Instances of input: 0
Instnaces of output: 0
Voluntary context switches: 0
Involuntary context switches: 6251

User CPU time: 30 s, 990237 us
System CPU time: 0 s, 10549 us
Maximum resident size (KB): 0
Page faults serviced without IO: 0
Page faults erviced with IO: 0
Instances of input: 0
Instnaces of output: 0
Voluntary context switches: 0
Involuntary context switches: 6493

User CPU time: 30 s, 42726 us
System CPU time: 0 s, 0 us
Maximum resident size (KB): 0
Page faults serviced without IO: 0
Page faults erviced with IO: 0
Instances of input: 0
Instnaces of output: 0
Voluntary context switches: 0
Involuntary context switches: 6637

User CPU time: 30 s, 681528 us
System CPU time: 0 s, 2553 us
Maximum resident size (KB): 0
Page faults serviced without IO: 0
Page faults erviced with IO: 0
Instances of input: 0
Instnaces of output: 0
Voluntary context switches: 0
Involuntary context switches: 6423

User CPU time: 30 s, 263287 us
System CPU time: 0 s, 2297 us
Maximum resident size (KB): 0
Page faults serviced without IO: 0
Page faults erviced with IO: 0
Instances of input: 0
Instnaces of output: 0
Voluntary context switches: 0
Involuntary context switches: 6040

User CPU time: 30 s, 545999 us
System CPU time: 0 s, 6321 us
Maximum resident size (KB): 0
Page faults serviced without IO: 0
Page faults erviced with IO: 0
Instances of input: 0
Instnaces of output: 0
Voluntary context switches: 0
Involuntary context switches: 6087

User CPU time: 30 s, 619351 us
System CPU time: 0 s, 6421 us
Maximum resident size (KB): 0
Page faults serviced without IO: 0
Page faults erviced with IO: 0
Instances of input: 0
Instnaces of output: 0
Voluntary context switches: 0
Involuntary context switches: 7132

User CPU time: 31 s, 76398 us
System CPU time: 0 s, 0 us
Maximum resident size (KB): 0
Page faults serviced without IO: 0
Page faults erviced with IO: 0
Instances of input: 0
Instnaces of output: 0
Voluntary context switches: 0
Involuntary context switches: 6648

User CPU time: 30 s, 686306 us
System CPU time: 0 s, 6545 us
Maximum resident size (KB): 0
Page faults serviced without IO: 0
Page faults erviced with IO: 0
Instances of input: 0
Instnaces of output: 0
Voluntary context switches: 0
Involuntary context switches: 6414

User CPU time: 30 s, 76510 us
System CPU time: 0 s, 2548 us
Maximum resident size (KB): 0
Page faults serviced without IO: 0
Page faults erviced with IO: 0
Instances of input: 0
Instnaces of output: 0
Voluntary context switches: 0
Involuntary context switches: 6213

User CPU time: 30 s, 819620 us
System CPU time: 0 s, 26288 us
Maximum resident size (KB): 0
Page faults serviced without IO: 0
Page faults erviced with IO: 0
Instances of input: 0
Instnaces of output: 0
Voluntary context switches: 0
Involuntary context switches: 6716
